{"/home/kkk/projects/raslipwani/.claude/worktrees/phase2-revenue-data-integrity/api/_lib/bookingEmails.js": {"path":"/home/kkk/projects/raslipwani/.claude/worktrees/phase2-revenue-data-integrity/api/_lib/bookingEmails.js","statementMap":{"0":{"start":{"line":10,"column":30},"end":{"line":25,"column":1}},"1":{"start":{"line":28,"column":21},"end":{"line":43,"column":1}},"2":{"start":{"line":45,"column":25},"end":{"line":45,"column":29}},"3":{"start":{"line":55,"column":2},"end":{"line":60,"column":null}},"4":{"start":{"line":68,"column":18},"end":{"line":68,"column":20}},"5":{"start":{"line":69,"column":2},"end":{"line":69,"column":null}},"6":{"start":{"line":69,"column":47},"end":{"line":69,"column":null}},"7":{"start":{"line":71,"column":2},"end":{"line":76,"column":null}},"8":{"start":{"line":72,"column":16},"end":{"line":72,"column":30}},"9":{"start":{"line":73,"column":4},"end":{"line":73,"column":null}},"10":{"start":{"line":73,"column":70},"end":{"line":73,"column":null}},"11":{"start":{"line":74,"column":18},"end":{"line":74,"column":63}},"12":{"start":{"line":75,"column":4},"end":{"line":75,"column":null}},"13":{"start":{"line":75,"column":15},"end":{"line":75,"column":null}},"14":{"start":{"line":77,"column":2},"end":{"line":77,"column":null}},"15":{"start":{"line":80,"column":22},"end":{"line":80,"column":50}},"16":{"start":{"line":83,"column":2},"end":{"line":83,"column":null}},"17":{"start":{"line":88,"column":15},"end":{"line":88,"column":34}},"18":{"start":{"line":89,"column":2},"end":{"line":89,"column":null}},"19":{"start":{"line":89,"column":36},"end":{"line":89,"column":null}},"20":{"start":{"line":90,"column":2},"end":{"line":94,"column":null}},"21":{"start":{"line":98,"column":2},"end":{"line":108,"column":null}},"22":{"start":{"line":99,"column":25},"end":{"line":99,"column":39}},"23":{"start":{"line":101,"column":20},"end":{"line":101,"column":99}},"24":{"start":{"line":102,"column":6},"end":{"line":106,"column":null}},"25":{"start":{"line":112,"column":2},"end":{"line":126,"column":null}},"26":{"start":{"line":131,"column":14},"end":{"line":131,"column":56}},"27":{"start":{"line":132,"column":2},"end":{"line":149,"column":null}},"28":{"start":{"line":144,"column":29},"end":{"line":144,"column":43}},"29":{"start":{"line":146,"column":10},"end":{"line":146,"column":null}},"30":{"start":{"line":154,"column":15},"end":{"line":154,"column":66}},"31":{"start":{"line":155,"column":2},"end":{"line":165,"column":null}}},"fnMap":{"0":{"name":"escapeHtml","decl":{"start":{"line":54,"column":16},"end":{"line":54,"column":26}},"loc":{"start":{"line":54,"column":34},"end":{"line":61,"column":null}},"line":54},"1":{"name":"sanitizeBooking","decl":{"start":{"line":67,"column":16},"end":{"line":67,"column":31}},"loc":{"start":{"line":67,"column":41},"end":{"line":78,"column":null}},"line":67},"2":{"name":"isValidEmail","decl":{"start":{"line":82,"column":16},"end":{"line":82,"column":28}},"loc":{"start":{"line":82,"column":36},"end":{"line":84,"column":null}},"line":82},"3":{"name":"formatAppointment","decl":{"start":{"line":87,"column":16},"end":{"line":87,"column":33}},"loc":{"start":{"line":87,"column":45},"end":{"line":95,"column":null}},"line":87},"4":{"name":"detailRows","decl":{"start":{"line":97,"column":9},"end":{"line":97,"column":19}},"loc":{"start":{"line":97,"column":29},"end":{"line":109,"column":null}},"line":97},"5":{"name":"(anonymous_5)","decl":{"start":{"line":99,"column":12},"end":{"line":99,"column":13}},"loc":{"start":{"line":99,"column":25},"end":{"line":99,"column":39}},"line":99},"6":{"name":"(anonymous_6)","decl":{"start":{"line":100,"column":9},"end":{"line":100,"column":10}},"loc":{"start":{"line":100,"column":29},"end":{"line":107,"column":5}},"line":100},"7":{"name":"shell","decl":{"start":{"line":111,"column":9},"end":{"line":111,"column":14}},"loc":{"start":{"line":111,"column":37},"end":{"line":127,"column":null}},"line":111},"8":{"name":"buildAdminEmail","decl":{"start":{"line":130,"column":16},"end":{"line":130,"column":31}},"loc":{"start":{"line":130,"column":41},"end":{"line":150,"column":null}},"line":130},"9":{"name":"(anonymous_9)","decl":{"start":{"line":144,"column":16},"end":{"line":144,"column":17}},"loc":{"start":{"line":144,"column":29},"end":{"line":144,"column":43}},"line":144},"10":{"name":"(anonymous_10)","decl":{"start":{"line":145,"column":13},"end":{"line":145,"column":14}},"loc":{"start":{"line":146,"column":10},"end":{"line":146,"column":null}},"line":146},"11":{"name":"buildCustomerEmail","decl":{"start":{"line":153,"column":16},"end":{"line":153,"column":34}},"loc":{"start":{"line":153,"column":44},"end":{"line":166,"column":null}},"line":153}},"branchMap":{"0":{"loc":{"start":{"line":69,"column":2},"end":{"line":69,"column":null}},"type":"if","locations":[{"start":{"line":69,"column":2},"end":{"line":69,"column":null}},{"start":{},"end":{}}],"line":69},"1":{"loc":{"start":{"line":69,"column":6},"end":{"line":69,"column":45}},"type":"binary-expr","locations":[{"start":{"line":69,"column":6},"end":{"line":69,"column":14}},{"start":{"line":69,"column":18},"end":{"line":69,"column":45}}],"line":69},"2":{"loc":{"start":{"line":73,"column":4},"end":{"line":73,"column":null}},"type":"if","locations":[{"start":{"line":73,"column":4},"end":{"line":73,"column":null}},{"start":{},"end":{}}],"line":73},"3":{"loc":{"start":{"line":73,"column":8},"end":{"line":73,"column":68}},"type":"binary-expr","locations":[{"start":{"line":73,"column":8},"end":{"line":73,"column":20}},{"start":{"line":73,"column":24},"end":{"line":73,"column":41}},{"start":{"line":73,"column":45},"end":{"line":73,"column":68}}],"line":73},"4":{"loc":{"start":{"line":75,"column":4},"end":{"line":75,"column":null}},"type":"if","locations":[{"start":{"line":75,"column":4},"end":{"line":75,"column":null}},{"start":{},"end":{}}],"line":75},"5":{"loc":{"start":{"line":83,"column":9},"end":{"line":83,"column":86}},"type":"binary-expr","locations":[{"start":{"line":83,"column":9},"end":{"line":83,"column":34}},{"start":{"line":83,"column":38},"end":{"line":83,"column":57}},{"start":{"line":83,"column":61},"end":{"line":83,"column":86}}],"line":83},"6":{"loc":{"start":{"line":89,"column":2},"end":{"line":89,"column":null}},"type":"if","locations":[{"start":{"line":89,"column":2},"end":{"line":89,"column":null}},{"start":{},"end":{}}],"line":89},"7":{"loc":{"start":{"line":101,"column":20},"end":{"line":101,"column":99}},"type":"cond-expr","locations":[{"start":{"line":101,"column":49},"end":{"line":101,"column":82}},{"start":{"line":101,"column":85},"end":{"line":101,"column":99}}],"line":101},"8":{"loc":{"start":{"line":131,"column":14},"end":{"line":131,"column":56}},"type":"binary-expr","locations":[{"start":{"line":131,"column":14},"end":{"line":131,"column":26}},{"start":{"line":131,"column":30},"end":{"line":131,"column":43}},{"start":{"line":131,"column":47},"end":{"line":131,"column":56}}],"line":131},"9":{"loc":{"start":{"line":133,"column":20},"end":{"line":133,"column":45}},"type":"binary-expr","locations":[{"start":{"line":133,"column":20},"end":{"line":133,"column":32}},{"start":{"line":133,"column":36},"end":{"line":133,"column":45}}],"line":133},"10":{"loc":{"start":{"line":146,"column":23},"end":{"line":146,"column":102}},"type":"cond-expr","locations":[{"start":{"line":146,"column":52},"end":{"line":146,"column":85}},{"start":{"line":146,"column":88},"end":{"line":146,"column":102}}],"line":146},"11":{"loc":{"start":{"line":154,"column":15},"end":{"line":154,"column":66}},"type":"cond-expr","locations":[{"start":{"line":154,"column":30},"end":{"line":154,"column":56}},{"start":{"line":154,"column":59},"end":{"line":154,"column":66}}],"line":154}},"s":{"0":1,"1":1,"2":1,"3":47,"4":5,"5":5,"6":2,"7":3,"8":42,"9":42,"10":37,"11":5,"12":5,"13":4,"14":3,"15":1,"16":8,"17":4,"18":4,"19":1,"20":3,"21":8,"22":112,"23":14,"24":14,"25":8,"26":4,"27":4,"28":56,"29":8,"30":4,"31":4},"f":{"0":47,"1":5,"2":8,"3":4,"4":8,"5":112,"6":14,"7":8,"8":4,"9":56,"10":8,"11":4},"b":{"0":[2,3],"1":[5,4],"2":[37,5],"3":[42,41,6],"4":[4,1],"5":[8,6,6],"6":[1,3],"7":[1,13],"8":[4,0,0],"9":[4,4],"10":[1,7],"11":[3,1]},"meta":{"lastBranch":12,"lastFunction":12,"lastStatement":32,"seen":{"s:10:30:25:1":0,"s:28:21:43:1":1,"s:45:25:45:29":2,"f:54:16:54:26":0,"s:55:2:60:Infinity":3,"f:67:16:67:31":1,"s:68:18:68:20":4,"b:69:2:69:Infinity:undefined:undefined:undefined:undefined":0,"s:69:2:69:Infinity":5,"b:69:6:69:14:69:18:69:45":1,"s:69:47:69:Infinity":6,"s:71:2:76:Infinity":7,"s:72:16:72:30":8,"b:73:4:73:Infinity:undefined:undefined:undefined:undefined":2,"s:73:4:73:Infinity":9,"b:73:8:73:20:73:24:73:41:73:45:73:68":3,"s:73:70:73:Infinity":10,"s:74:18:74:63":11,"b:75:4:75:Infinity:undefined:undefined:undefined:undefined":4,"s:75:4:75:Infinity":12,"s:75:15:75:Infinity":13,"s:77:2:77:Infinity":14,"s:80:22:80:50":15,"f:82:16:82:28":2,"s:83:2:83:Infinity":16,"b:83:9:83:34:83:38:83:57:83:61:83:86":5,"f:87:16:87:33":3,"s:88:15:88:34":17,"b:89:2:89:Infinity:undefined:undefined:undefined:undefined":6,"s:89:2:89:Infinity":18,"s:89:36:89:Infinity":19,"s:90:2:94:Infinity":20,"f:97:9:97:19":4,"s:98:2:108:Infinity":21,"f:99:12:99:13":5,"s:99:25:99:39":22,"f:100:9:100:10":6,"s:101:20:101:99":23,"b:101:49:101:82:101:85:101:99":7,"s:102:6:106:Infinity":24,"f:111:9:111:14":7,"s:112:2:126:Infinity":25,"f:130:16:130:31":8,"s:131:14:131:56":26,"b:131:14:131:26:131:30:131:43:131:47:131:56":8,"s:132:2:149:Infinity":27,"b:133:20:133:32:133:36:133:45":9,"f:144:16:144:17":9,"s:144:29:144:43":28,"f:145:13:145:14":10,"s:146:10:146:Infinity":29,"b:146:52:146:85:146:88:146:102":10,"f:153:16:153:34":11,"s:154:15:154:66":30,"b:154:30:154:56:154:59:154:66":11,"s:155:2:165:Infinity":31},"fnNames":{}}}
,"/home/kkk/projects/raslipwani/.claude/worktrees/phase2-revenue-data-integrity/src/components/AuthButtons.jsx": {"path":"/home/kkk/projects/raslipwani/.claude/worktrees/phase2-revenue-data-integrity/src/components/AuthButtons.jsx","statementMap":{"0":{"start":{"line":5,"column":20},"end":{"line":40,"column":null}},"1":{"start":{"line":6,"column":33},"end":{"line":6,"column":null}},"2":{"start":{"line":8,"column":2},"end":{"line":19,"column":null}},"3":{"start":{"line":9,"column":4},"end":{"line":17,"column":null}},"4":{"start":{"line":21,"column":2},"end":{"line":38,"column":null}},"5":{"start":{"line":33,"column":23},"end":{"line":33,"column":null}}},"fnMap":{"0":{"name":"(anonymous_0)","decl":{"start":{"line":5,"column":20},"end":{"line":5,"column":26}},"loc":{"start":{"line":5,"column":26},"end":{"line":40,"column":null}},"line":5},"1":{"name":"(anonymous_1)","decl":{"start":{"line":33,"column":17},"end":{"line":33,"column":23}},"loc":{"start":{"line":33,"column":23},"end":{"line":33,"column":null}},"line":33}},"branchMap":{"0":{"loc":{"start":{"line":8,"column":2},"end":{"line":19,"column":null}},"type":"if","locations":[{"start":{"line":8,"column":2},"end":{"line":19,"column":null}},{"start":{},"end":{}}],"line":8},"1":{"loc":{"start":{"line":23,"column":7},"end":{"line":29,"column":null}},"type":"binary-expr","locations":[{"start":{"line":23,"column":7},"end":{"line":23,"column":null}},{"start":{"line":24,"column":8},"end":{"line":29,"column":null}}],"line":23}},"s":{"0":1,"1":4,"2":4,"3":1,"4":3,"5":1},"f":{"0":4,"1":1},"b":{"0":[1,3],"1":[3,2]},"meta":{"lastBranch":2,"lastFunction":2,"lastStatement":6,"seen":{"s:5:20:40:Infinity":0,"f:5:20:5:26":0,"s:6:33:6:Infinity":1,"b:8:2:19:Infinity:undefined:undefined:undefined:undefined":0,"s:8:2:19:Infinity":2,"s:9:4:17:Infinity":3,"s:21:2:38:Infinity":4,"b:23:7:23:Infinity:24:8:29:Infinity":1,"f:33:17:33:23":1,"s:33:23:33:Infinity":5},"fnNames":{}}}
,"/home/kkk/projects/raslipwani/.claude/worktrees/phase2-revenue-data-integrity/src/components/BookingStatusBadge.jsx": {"path":"/home/kkk/projects/raslipwani/.claude/worktrees/phase2-revenue-data-integrity/src/components/BookingStatusBadge.jsx","statementMap":{"0":{"start":{"line":13,"column":27},"end":{"line":52,"column":null}},"1":{"start":{"line":14,"column":26},"end":{"line":39,"column":null}},"2":{"start":{"line":15,"column":20},"end":{"line":36,"column":null}},"3":{"start":{"line":38,"column":4},"end":{"line":38,"column":null}},"4":{"start":{"line":41,"column":17},"end":{"line":41,"column":null}},"5":{"start":{"line":42,"column":15},"end":{"line":42,"column":null}},"6":{"start":{"line":44,"column":2},"end":{"line":50,"column":null}}},"fnMap":{"0":{"name":"(anonymous_0)","decl":{"start":{"line":13,"column":27},"end":{"line":13,"column":28}},"loc":{"start":{"line":13,"column":59},"end":{"line":52,"column":null}},"line":13},"1":{"name":"(anonymous_1)","decl":{"start":{"line":14,"column":26},"end":{"line":14,"column":27}},"loc":{"start":{"line":14,"column":38},"end":{"line":39,"column":null}},"line":14}},"branchMap":{"0":{"loc":{"start":{"line":13,"column":38},"end":{"line":13,"column":53}},"type":"default-arg","locations":[{"start":{"line":13,"column":50},"end":{"line":13,"column":53}}],"line":13},"1":{"loc":{"start":{"line":38,"column":11},"end":{"line":38,"column":null}},"type":"binary-expr","locations":[{"start":{"line":38,"column":11},"end":{"line":38,"column":30}},{"start":{"line":38,"column":30},"end":{"line":38,"column":null}}],"line":38}},"s":{"0":2,"1":13,"2":13,"3":13,"4":13,"5":13,"6":13},"f":{"0":13,"1":13},"b":{"0":[13],"1":[13,0]},"meta":{"lastBranch":2,"lastFunction":2,"lastStatement":7,"seen":{"s:13:27:52:Infinity":0,"f:13:27:13:28":0,"b:13:50:13:53":0,"s:14:26:39:Infinity":1,"f:14:26:14:27":1,"s:15:20:36:Infinity":2,"s:38:4:38:Infinity":3,"b:38:11:38:30:38:30:38:Infinity":1,"s:41:17:41:Infinity":4,"s:42:15:42:Infinity":5,"s:44:2:50:Infinity":6},"fnNames":{}}}
,"/home/kkk/projects/raslipwani/.claude/worktrees/phase2-revenue-data-integrity/src/components/Footer.jsx": {"path":"/home/kkk/projects/raslipwani/.claude/worktrees/phase2-revenue-data-integrity/src/components/Footer.jsx","statementMap":{"0":{"start":{"line":5,"column":15},"end":{"line":261,"column":null}},"1":{"start":{"line":6,"column":8},"end":{"line":6,"column":null}},"2":{"start":{"line":7,"column":89},"end":{"line":7,"column":null}},"3":{"start":{"line":10,"column":20},"end":{"line":10,"column":null}},"4":{"start":{"line":13,"column":8},"end":{"line":13,"column":null}},"5":{"start":{"line":16,"column":22},"end":{"line":16,"column":null}},"6":{"start":{"line":18,"column":21},"end":{"line":24,"column":null}},"7":{"start":{"line":26,"column":19},"end":{"line":32,"column":null}},"8":{"start":{"line":34,"column":2},"end":{"line":259,"column":null}},"9":{"start":{"line":82,"column":28},"end":{"line":82,"column":34}},"10":{"start":{"line":83,"column":16},"end":{"line":92,"column":null}},"11":{"start":{"line":105,"column":16},"end":{"line":115,"column":null}},"12":{"start":{"line":128,"column":16},"end":{"line":135,"column":null}},"13":{"start":{"line":184,"column":18},"end":{"line":189,"column":null}}},"fnMap":{"0":{"name":"(anonymous_0)","decl":{"start":{"line":5,"column":15},"end":{"line":5,"column":21}},"loc":{"start":{"line":5,"column":21},"end":{"line":261,"column":null}},"line":5},"1":{"name":"(anonymous_1)","decl":{"start":{"line":82,"column":23},"end":{"line":82,"column":28}},"loc":{"start":{"line":82,"column":28},"end":{"line":82,"column":34}},"line":82},"2":{"name":"(anonymous_2)","decl":{"start":{"line":82,"column":40},"end":{"line":82,"column":41}},"loc":{"start":{"line":83,"column":16},"end":{"line":92,"column":null}},"line":83},"3":{"name":"(anonymous_3)","decl":{"start":{"line":104,"column":30},"end":{"line":104,"column":31}},"loc":{"start":{"line":105,"column":16},"end":{"line":115,"column":null}},"line":105},"4":{"name":"(anonymous_4)","decl":{"start":{"line":127,"column":28},"end":{"line":127,"column":29}},"loc":{"start":{"line":128,"column":16},"end":{"line":135,"column":null}},"line":128},"5":{"name":"(anonymous_5)","decl":{"start":{"line":183,"column":31},"end":{"line":183,"column":32}},"loc":{"start":{"line":184,"column":18},"end":{"line":189,"column":null}},"line":184}},"branchMap":{"0":{"loc":{"start":{"line":10,"column":20},"end":{"line":10,"column":null}},"type":"binary-expr","locations":[{"start":{"line":10,"column":20},"end":{"line":10,"column":42}},{"start":{"line":10,"column":42},"end":{"line":10,"column":null}}],"line":10},"1":{"loc":{"start":{"line":13,"column":26},"end":{"line":13,"column":57}},"type":"binary-expr","locations":[{"start":{"line":13,"column":26},"end":{"line":13,"column":40}},{"start":{"line":13,"column":40},"end":{"line":13,"column":57}}],"line":13},"2":{"loc":{"start":{"line":16,"column":22},"end":{"line":16,"column":null}},"type":"binary-expr","locations":[{"start":{"line":16,"column":22},"end":{"line":16,"column":39}},{"start":{"line":16,"column":39},"end":{"line":16,"column":null}}],"line":16},"3":{"loc":{"start":{"line":77,"column":49},"end":{"line":77,"column":113}},"type":"binary-expr","locations":[{"start":{"line":77,"column":49},"end":{"line":77,"column":73}},{"start":{"line":77,"column":73},"end":{"line":77,"column":113}}],"line":77},"4":{"loc":{"start":{"line":78,"column":50},"end":{"line":78,"column":116}},"type":"binary-expr","locations":[{"start":{"line":78,"column":50},"end":{"line":78,"column":75}},{"start":{"line":78,"column":75},"end":{"line":78,"column":116}}],"line":78},"5":{"loc":{"start":{"line":79,"column":47},"end":{"line":79,"column":108}},"type":"binary-expr","locations":[{"start":{"line":79,"column":47},"end":{"line":79,"column":69}},{"start":{"line":79,"column":69},"end":{"line":79,"column":108}}],"line":79},"6":{"loc":{"start":{"line":80,"column":49},"end":{"line":80,"column":116}},"type":"binary-expr","locations":[{"start":{"line":80,"column":49},"end":{"line":80,"column":73}},{"start":{"line":80,"column":73},"end":{"line":80,"column":116}}],"line":80},"7":{"loc":{"start":{"line":81,"column":48},"end":{"line":81,"column":105}},"type":"binary-expr","locations":[{"start":{"line":81,"column":48},"end":{"line":81,"column":71}},{"start":{"line":81,"column":71},"end":{"line":81,"column":105}}],"line":81}},"s":{"0":1,"1":1,"2":1,"3":1,"4":1,"5":1,"6":1,"7":1,"8":1,"9":5,"10":5,"11":5,"12":5,"13":1},"f":{"0":1,"1":5,"2":5,"3":5,"4":5,"5":1},"b":{"0":[1,0],"1":[1,0],"2":[1,0],"3":[1,1],"4":[1,1],"5":[1,1],"6":[1,1],"7":[1,1]},"meta":{"lastBranch":8,"lastFunction":6,"lastStatement":14,"seen":{"s:5:15:261:Infinity":0,"f:5:15:5:21":0,"s:6:8:6:Infinity":1,"s:7:89:7:Infinity":2,"s:10:20:10:Infinity":3,"b:10:20:10:42:10:42:10:Infinity":0,"s:13:8:13:Infinity":4,"b:13:26:13:40:13:40:13:57":1,"s:16:22:16:Infinity":5,"b:16:22:16:39:16:39:16:Infinity":2,"s:18:21:24:Infinity":6,"s:26:19:32:Infinity":7,"s:34:2:259:Infinity":8,"b:77:49:77:73:77:73:77:113":3,"b:78:50:78:75:78:75:78:116":4,"b:79:47:79:69:79:69:79:108":5,"b:80:49:80:73:80:73:80:116":6,"b:81:48:81:71:81:71:81:105":7,"f:82:23:82:28":1,"s:82:28:82:34":9,"f:82:40:82:41":2,"s:83:16:92:Infinity":10,"f:104:30:104:31":3,"s:105:16:115:Infinity":11,"f:127:28:127:29":4,"s:128:16:135:Infinity":12,"f:183:31:183:32":5,"s:184:18:189:Infinity":13},"fnNames":{}}}
,"/home/kkk/projects/raslipwani/.claude/worktrees/phase2-revenue-data-integrity/src/components/Header.jsx": {"path":"/home/kkk/projects/raslipwani/.claude/worktrees/phase2-revenue-data-integrity/src/components/Header.jsx","statementMap":{"0":{"start":{"line":8,"column":15},"end":{"line":451,"column":null}},"1":{"start":{"line":9,"column":34},"end":{"line":9,"column":null}},"2":{"start":{"line":10,"column":34},"end":{"line":10,"column":null}},"3":{"start":{"line":11,"column":38},"end":{"line":11,"column":null}},"4":{"start":{"line":12,"column":50},"end":{"line":12,"column":null}},"5":{"start":{"line":13,"column":34},"end":{"line":13,"column":null}},"6":{"start":{"line":14,"column":8},"end":{"line":14,"column":null}},"7":{"start":{"line":17,"column":2},"end":{"line":23,"column":null}},"8":{"start":{"line":18,"column":25},"end":{"line":20,"column":null}},"9":{"start":{"line":19,"column":6},"end":{"line":19,"column":null}},"10":{"start":{"line":21,"column":4},"end":{"line":21,"column":null}},"11":{"start":{"line":22,"column":4},"end":{"line":22,"column":null}},"12":{"start":{"line":22,"column":17},"end":{"line":22,"column":null}},"13":{"start":{"line":26,"column":2},"end":{"line":29,"column":null}},"14":{"start":{"line":27,"column":4},"end":{"line":27,"column":null}},"15":{"start":{"line":28,"column":4},"end":{"line":28,"column":null}},"16":{"start":{"line":31,"column":19},"end":{"line":65,"column":null}},"17":{"start":{"line":67,"column":21},"end":{"line":67,"column":null}},"18":{"start":{"line":67,"column":27},"end":{"line":67,"column":null}},"19":{"start":{"line":68,"column":20},"end":{"line":71,"column":null}},"20":{"start":{"line":69,"column":4},"end":{"line":69,"column":null}},"21":{"start":{"line":70,"column":4},"end":{"line":70,"column":null}},"22":{"start":{"line":73,"column":2},"end":{"line":449,"column":null}},"23":{"start":{"line":110,"column":36},"end":{"line":110,"column":null}},"24":{"start":{"line":113,"column":14},"end":{"line":150,"column":null}},"25":{"start":{"line":114,"column":16},"end":{"line":148,"column":null}},"26":{"start":{"line":118,"column":40},"end":{"line":118,"column":null}},"27":{"start":{"line":119,"column":40},"end":{"line":119,"column":null}},"28":{"start":{"line":137,"column":26},"end":{"line":144,"column":null}},"29":{"start":{"line":141,"column":43},"end":{"line":141,"column":null}},"30":{"start":{"line":154,"column":14},"end":{"line":174,"column":null}},"31":{"start":{"line":155,"column":16},"end":{"line":172,"column":null}},"32":{"start":{"line":177,"column":14},"end":{"line":198,"column":null}},"33":{"start":{"line":182,"column":22},"end":{"line":185,"column":null}},"34":{"start":{"line":294,"column":40},"end":{"line":294,"column":null}},"35":{"start":{"line":295,"column":35},"end":{"line":295,"column":null}},"36":{"start":{"line":298,"column":18},"end":{"line":334,"column":null}},"37":{"start":{"line":299,"column":43},"end":{"line":299,"column":null}},"38":{"start":{"line":300,"column":20},"end":{"line":332,"column":null}},"39":{"start":{"line":303,"column":41},"end":{"line":303,"column":null}},"40":{"start":{"line":321,"column":30},"end":{"line":328,"column":null}},"41":{"start":{"line":336,"column":18},"end":{"line":354,"column":null}},"42":{"start":{"line":337,"column":20},"end":{"line":352,"column":null}},"43":{"start":{"line":357,"column":18},"end":{"line":377,"column":null}},"44":{"start":{"line":421,"column":20},"end":{"line":430,"column":null}}},"fnMap":{"0":{"name":"(anonymous_0)","decl":{"start":{"line":8,"column":15},"end":{"line":8,"column":21}},"loc":{"start":{"line":8,"column":21},"end":{"line":451,"column":null}},"line":8},"1":{"name":"(anonymous_1)","decl":{"start":{"line":17,"column":12},"end":{"line":17,"column":18}},"loc":{"start":{"line":17,"column":18},"end":{"line":23,"column":5}},"line":17},"2":{"name":"(anonymous_2)","decl":{"start":{"line":18,"column":25},"end":{"line":18,"column":31}},"loc":{"start":{"line":18,"column":31},"end":{"line":20,"column":null}},"line":18},"3":{"name":"(anonymous_3)","decl":{"start":{"line":22,"column":11},"end":{"line":22,"column":17}},"loc":{"start":{"line":22,"column":17},"end":{"line":22,"column":null}},"line":22},"4":{"name":"(anonymous_4)","decl":{"start":{"line":26,"column":12},"end":{"line":26,"column":18}},"loc":{"start":{"line":26,"column":18},"end":{"line":29,"column":5}},"line":26},"5":{"name":"(anonymous_5)","decl":{"start":{"line":67,"column":21},"end":{"line":67,"column":27}},"loc":{"start":{"line":67,"column":27},"end":{"line":67,"column":null}},"line":67},"6":{"name":"(anonymous_6)","decl":{"start":{"line":68,"column":20},"end":{"line":68,"column":26}},"loc":{"start":{"line":68,"column":26},"end":{"line":71,"column":null}},"line":68},"7":{"name":"(anonymous_7)","decl":{"start":{"line":109,"column":26},"end":{"line":109,"column":27}},"loc":{"start":{"line":109,"column":36},"end":{"line":200,"column":13}},"line":109},"8":{"name":"(anonymous_8)","decl":{"start":{"line":118,"column":34},"end":{"line":118,"column":40}},"loc":{"start":{"line":118,"column":40},"end":{"line":118,"column":null}},"line":118},"9":{"name":"(anonymous_9)","decl":{"start":{"line":119,"column":34},"end":{"line":119,"column":40}},"loc":{"start":{"line":119,"column":40},"end":{"line":119,"column":null}},"line":119},"10":{"name":"(anonymous_10)","decl":{"start":{"line":136,"column":43},"end":{"line":136,"column":44}},"loc":{"start":{"line":137,"column":26},"end":{"line":144,"column":null}},"line":137},"11":{"name":"(anonymous_11)","decl":{"start":{"line":141,"column":37},"end":{"line":141,"column":43}},"loc":{"start":{"line":141,"column":43},"end":{"line":141,"column":null}},"line":141},"12":{"name":"(anonymous_12)","decl":{"start":{"line":181,"column":31},"end":{"line":181,"column":32}},"loc":{"start":{"line":182,"column":22},"end":{"line":185,"column":null}},"line":182},"13":{"name":"(anonymous_13)","decl":{"start":{"line":293,"column":30},"end":{"line":293,"column":31}},"loc":{"start":{"line":293,"column":40},"end":{"line":379,"column":17}},"line":293},"14":{"name":"(anonymous_14)","decl":{"start":{"line":303,"column":35},"end":{"line":303,"column":41}},"loc":{"start":{"line":303,"column":41},"end":{"line":303,"column":null}},"line":303},"15":{"name":"(anonymous_15)","decl":{"start":{"line":320,"column":47},"end":{"line":320,"column":48}},"loc":{"start":{"line":321,"column":30},"end":{"line":328,"column":null}},"line":321},"16":{"name":"(anonymous_16)","decl":{"start":{"line":420,"column":24},"end":{"line":420,"column":25}},"loc":{"start":{"line":421,"column":20},"end":{"line":430,"column":null}},"line":421}},"branchMap":{"0":{"loc":{"start":{"line":76,"column":8},"end":{"line":76,"column":null}},"type":"cond-expr","locations":[{"start":{"line":76,"column":21},"end":{"line":76,"column":68}},{"start":{"line":76,"column":68},"end":{"line":76,"column":null}}],"line":76},"1":{"loc":{"start":{"line":90,"column":18},"end":{"line":90,"column":null}},"type":"cond-expr","locations":[{"start":{"line":90,"column":31},"end":{"line":90,"column":45}},{"start":{"line":90,"column":45},"end":{"line":90,"column":null}}],"line":90},"2":{"loc":{"start":{"line":97,"column":16},"end":{"line":97,"column":null}},"type":"cond-expr","locations":[{"start":{"line":97,"column":29},"end":{"line":97,"column":52}},{"start":{"line":97,"column":52},"end":{"line":97,"column":null}}],"line":97},"3":{"loc":{"start":{"line":102,"column":17},"end":{"line":102,"column":null}},"type":"binary-expr","locations":[{"start":{"line":102,"column":17},"end":{"line":102,"column":30}},{"start":{"line":102,"column":30},"end":{"line":102,"column":null}}],"line":102},"4":{"loc":{"start":{"line":113,"column":14},"end":{"line":150,"column":null}},"type":"if","locations":[{"start":{"line":113,"column":14},"end":{"line":150,"column":null}},{"start":{},"end":{}}],"line":113},"5":{"loc":{"start":{"line":125,"column":24},"end":{"line":125,"column":null}},"type":"cond-expr","locations":[{"start":{"line":125,"column":37},"end":{"line":125,"column":50}},{"start":{"line":125,"column":50},"end":{"line":125,"column":null}}],"line":125},"6":{"loc":{"start":{"line":129,"column":24},"end":{"line":129,"column":null}},"type":"cond-expr","locations":[{"start":{"line":129,"column":54},"end":{"line":129,"column":69}},{"start":{"line":129,"column":69},"end":{"line":129,"column":null}}],"line":129},"7":{"loc":{"start":{"line":134,"column":21},"end":{"line":146,"column":null}},"type":"binary-expr","locations":[{"start":{"line":134,"column":21},"end":{"line":134,"column":null}},{"start":{"line":135,"column":22},"end":{"line":146,"column":null}}],"line":134},"8":{"loc":{"start":{"line":154,"column":14},"end":{"line":174,"column":null}},"type":"if","locations":[{"start":{"line":154,"column":14},"end":{"line":174,"column":null}},{"start":{},"end":{}}],"line":154},"9":{"loc":{"start":{"line":164,"column":24},"end":{"line":164,"column":null}},"type":"cond-expr","locations":[{"start":{"line":164,"column":37},"end":{"line":164,"column":50}},{"start":{"line":164,"column":50},"end":{"line":164,"column":null}}],"line":164},"10":{"loc":{"start":{"line":183,"column":25},"end":{"line":185,"column":82}},"type":"cond-expr","locations":[{"start":{"line":184,"column":28},"end":{"line":184,"column":null}},{"start":{"line":185,"column":28},"end":{"line":185,"column":82}}],"line":183},"11":{"loc":{"start":{"line":189,"column":22},"end":{"line":189,"column":null}},"type":"cond-expr","locations":[{"start":{"line":189,"column":35},"end":{"line":189,"column":48}},{"start":{"line":189,"column":48},"end":{"line":189,"column":null}}],"line":189},"12":{"loc":{"start":{"line":194,"column":24},"end":{"line":194,"column":null}},"type":"cond-expr","locations":[{"start":{"line":194,"column":58},"end":{"line":194,"column":69}},{"start":{"line":194,"column":69},"end":{"line":194,"column":null}}],"line":194},"13":{"loc":{"start":{"line":215,"column":26},"end":{"line":215,"column":null}},"type":"cond-expr","locations":[{"start":{"line":215,"column":39},"end":{"line":215,"column":54}},{"start":{"line":215,"column":54},"end":{"line":215,"column":null}}],"line":215},"14":{"loc":{"start":{"line":221,"column":27},"end":{"line":221,"column":null}},"type":"cond-expr","locations":[{"start":{"line":221,"column":40},"end":{"line":221,"column":63}},{"start":{"line":221,"column":63},"end":{"line":221,"column":null}}],"line":221},"15":{"loc":{"start":{"line":226,"column":27},"end":{"line":226,"column":null}},"type":"cond-expr","locations":[{"start":{"line":226,"column":40},"end":{"line":226,"column":57}},{"start":{"line":226,"column":57},"end":{"line":226,"column":null}}],"line":226},"16":{"loc":{"start":{"line":231,"column":27},"end":{"line":231,"column":null}},"type":"cond-expr","locations":[{"start":{"line":231,"column":40},"end":{"line":231,"column":64}},{"start":{"line":231,"column":64},"end":{"line":231,"column":null}}],"line":231},"17":{"loc":{"start":{"line":242,"column":9},"end":{"line":435,"column":null}},"type":"binary-expr","locations":[{"start":{"line":242,"column":9},"end":{"line":242,"column":null}},{"start":{"line":243,"column":10},"end":{"line":435,"column":null}}],"line":242},"18":{"loc":{"start":{"line":298,"column":18},"end":{"line":334,"column":null}},"type":"if","locations":[{"start":{"line":298,"column":18},"end":{"line":334,"column":null}},{"start":{},"end":{}}],"line":298},"19":{"loc":{"start":{"line":303,"column":63},"end":{"line":303,"column":97}},"type":"cond-expr","locations":[{"start":{"line":303,"column":80},"end":{"line":303,"column":87}},{"start":{"line":303,"column":87},"end":{"line":303,"column":97}}],"line":303},"20":{"loc":{"start":{"line":310,"column":27},"end":{"line":313,"column":null}},"type":"cond-expr","locations":[{"start":{"line":311,"column":28},"end":{"line":311,"column":null}},{"start":{"line":313,"column":28},"end":{"line":313,"column":null}}],"line":310},"21":{"loc":{"start":{"line":318,"column":25},"end":{"line":330,"column":null}},"type":"binary-expr","locations":[{"start":{"line":318,"column":25},"end":{"line":318,"column":null}},{"start":{"line":319,"column":26},"end":{"line":330,"column":null}}],"line":318},"22":{"loc":{"start":{"line":336,"column":18},"end":{"line":354,"column":null}},"type":"if","locations":[{"start":{"line":336,"column":18},"end":{"line":354,"column":null}},{"start":{},"end":{}}],"line":336},"23":{"loc":{"start":{"line":363,"column":27},"end":{"line":365,"column":81}},"type":"cond-expr","locations":[{"start":{"line":364,"column":30},"end":{"line":364,"column":null}},{"start":{"line":365,"column":30},"end":{"line":365,"column":81}}],"line":363},"24":{"loc":{"start":{"line":368,"column":26},"end":{"line":368,"column":null}},"type":"cond-expr","locations":[{"start":{"line":368,"column":37},"end":{"line":368,"column":68}},{"start":{"line":368,"column":68},"end":{"line":368,"column":null}}],"line":368},"25":{"loc":{"start":{"line":374,"column":26},"end":{"line":374,"column":null}},"type":"cond-expr","locations":[{"start":{"line":374,"column":37},"end":{"line":374,"column":52}},{"start":{"line":374,"column":52},"end":{"line":374,"column":null}}],"line":374},"26":{"loc":{"start":{"line":444,"column":29},"end":{"line":444,"column":48}},"type":"cond-expr","locations":[{"start":{"line":444,"column":42},"end":{"line":444,"column":46}},{"start":{"line":444,"column":46},"end":{"line":444,"column":48}}],"line":444}},"s":{"0":1,"1":2,"2":2,"3":2,"4":2,"5":2,"6":2,"7":2,"8":2,"9":0,"10":2,"11":2,"12":2,"13":2,"14":2,"15":2,"16":2,"17":2,"18":0,"19":2,"20":0,"21":0,"22":2,"23":12,"24":12,"25":0,"26":0,"27":0,"28":0,"29":0,"30":12,"31":2,"32":10,"33":10,"34":0,"35":0,"36":0,"37":0,"38":0,"39":0,"40":0,"41":0,"42":0,"43":0,"44":0},"f":{"0":2,"1":2,"2":0,"3":2,"4":2,"5":0,"6":0,"7":12,"8":0,"9":0,"10":0,"11":0,"12":10,"13":0,"14":0,"15":0,"16":0},"b":{"0":[0,2],"1":[0,2],"2":[0,2],"3":[2,0],"4":[0,12],"5":[0,0],"6":[0,0],"7":[0,0],"8":[2,10],"9":[0,2],"10":[2,8],"11":[0,10],"12":[0,10],"13":[0,2],"14":[0,2],"15":[0,2],"16":[0,2],"17":[2,0],"18":[0,0],"19":[0,0],"20":[0,0],"21":[0,0],"22":[0,0],"23":[0,0],"24":[0,0],"25":[0,0],"26":[0,2]},"meta":{"lastBranch":27,"lastFunction":17,"lastStatement":45,"seen":{"s:8:15:451:Infinity":0,"f:8:15:8:21":0,"s:9:34:9:Infinity":1,"s:10:34:10:Infinity":2,"s:11:38:11:Infinity":3,"s:12:50:12:Infinity":4,"s:13:34:13:Infinity":5,"s:14:8:14:Infinity":6,"s:17:2:23:Infinity":7,"f:17:12:17:18":1,"s:18:25:20:Infinity":8,"f:18:25:18:31":2,"s:19:6:19:Infinity":9,"s:21:4:21:Infinity":10,"s:22:4:22:Infinity":11,"f:22:11:22:17":3,"s:22:17:22:Infinity":12,"s:26:2:29:Infinity":13,"f:26:12:26:18":4,"s:27:4:27:Infinity":14,"s:28:4:28:Infinity":15,"s:31:19:65:Infinity":16,"s:67:21:67:Infinity":17,"f:67:21:67:27":5,"s:67:27:67:Infinity":18,"s:68:20:71:Infinity":19,"f:68:20:68:26":6,"s:69:4:69:Infinity":20,"s:70:4:70:Infinity":21,"s:73:2:449:Infinity":22,"b:76:21:76:68:76:68:76:Infinity":0,"b:90:31:90:45:90:45:90:Infinity":1,"b:97:29:97:52:97:52:97:Infinity":2,"b:102:17:102:30:102:30:102:Infinity":3,"f:109:26:109:27":7,"s:110:36:110:Infinity":23,"b:113:14:150:Infinity:undefined:undefined:undefined:undefined":4,"s:113:14:150:Infinity":24,"s:114:16:148:Infinity":25,"f:118:34:118:40":8,"s:118:40:118:Infinity":26,"f:119:34:119:40":9,"s:119:40:119:Infinity":27,"b:125:37:125:50:125:50:125:Infinity":5,"b:129:54:129:69:129:69:129:Infinity":6,"b:134:21:134:Infinity:135:22:146:Infinity":7,"f:136:43:136:44":10,"s:137:26:144:Infinity":28,"f:141:37:141:43":11,"s:141:43:141:Infinity":29,"b:154:14:174:Infinity:undefined:undefined:undefined:undefined":8,"s:154:14:174:Infinity":30,"s:155:16:172:Infinity":31,"b:164:37:164:50:164:50:164:Infinity":9,"s:177:14:198:Infinity":32,"f:181:31:181:32":12,"s:182:22:185:Infinity":33,"b:184:28:184:Infinity:185:28:185:82":10,"b:189:35:189:48:189:48:189:Infinity":11,"b:194:58:194:69:194:69:194:Infinity":12,"b:215:39:215:54:215:54:215:Infinity":13,"b:221:40:221:63:221:63:221:Infinity":14,"b:226:40:226:57:226:57:226:Infinity":15,"b:231:40:231:64:231:64:231:Infinity":16,"b:242:9:242:Infinity:243:10:435:Infinity":17,"f:293:30:293:31":13,"s:294:40:294:Infinity":34,"s:295:35:295:Infinity":35,"b:298:18:334:Infinity:undefined:undefined:undefined:undefined":18,"s:298:18:334:Infinity":36,"s:299:43:299:Infinity":37,"s:300:20:332:Infinity":38,"f:303:35:303:41":14,"s:303:41:303:Infinity":39,"b:303:80:303:87:303:87:303:97":19,"b:311:28:311:Infinity:313:28:313:Infinity":20,"b:318:25:318:Infinity:319:26:330:Infinity":21,"f:320:47:320:48":15,"s:321:30:328:Infinity":40,"b:336:18:354:Infinity:undefined:undefined:undefined:undefined":22,"s:336:18:354:Infinity":41,"s:337:20:352:Infinity":42,"s:357:18:377:Infinity":43,"b:364:30:364:Infinity:365:30:365:81":23,"b:368:37:368:68:368:68:368:Infinity":24,"b:374:37:374:52:374:52:374:Infinity":25,"f:420:24:420:25":16,"s:421:20:430:Infinity":44,"b:444:42:444:46:444:46:444:48":26},"fnNames":{}}}
,"/home/kkk/projects/raslipwani/.claude/worktrees/phase2-revenue-data-integrity/src/components/ProtectedRoute.jsx": {"path":"/home/kkk/projects/raslipwani/.claude/worktrees/phase2-revenue-data-integrity/src/components/ProtectedRoute.jsx","statementMap":{"0":{"start":{"line":10,"column":23},"end":{"line":50,"column":null}},"1":{"start":{"line":11,"column":33},"end":{"line":11,"column":null}},"2":{"start":{"line":13,"column":2},"end":{"line":23,"column":null}},"3":{"start":{"line":14,"column":4},"end":{"line":21,"column":null}},"4":{"start":{"line":25,"column":2},"end":{"line":27,"column":null}},"5":{"start":{"line":26,"column":4},"end":{"line":26,"column":null}},"6":{"start":{"line":29,"column":2},"end":{"line":47,"column":null}},"7":{"start":{"line":30,"column":4},"end":{"line":45,"column":null}},"8":{"start":{"line":49,"column":2},"end":{"line":49,"column":null}}},"fnMap":{"0":{"name":"(anonymous_0)","decl":{"start":{"line":10,"column":23},"end":{"line":10,"column":24}},"loc":{"start":{"line":10,"column":41},"end":{"line":50,"column":null}},"line":10}},"branchMap":{"0":{"loc":{"start":{"line":13,"column":2},"end":{"line":23,"column":null}},"type":"if","locations":[{"start":{"line":13,"column":2},"end":{"line":23,"column":null}},{"start":{},"end":{}}],"line":13},"1":{"loc":{"start":{"line":25,"column":2},"end":{"line":27,"column":null}},"type":"if","locations":[{"start":{"line":25,"column":2},"end":{"line":27,"column":null}},{"start":{},"end":{}}],"line":25},"2":{"loc":{"start":{"line":29,"column":2},"end":{"line":47,"column":null}},"type":"if","locations":[{"start":{"line":29,"column":2},"end":{"line":47,"column":null}},{"start":{},"end":{}}],"line":29}},"s":{"0":1,"1":4,"2":4,"3":1,"4":3,"5":1,"6":2,"7":1,"8":1},"f":{"0":4},"b":{"0":[1,3],"1":[1,2],"2":[1,1]},"meta":{"lastBranch":3,"lastFunction":1,"lastStatement":9,"seen":{"s:10:23:50:Infinity":0,"f:10:23:10:24":0,"s:11:33:11:Infinity":1,"b:13:2:23:Infinity:undefined:undefined:undefined:undefined":0,"s:13:2:23:Infinity":2,"s:14:4:21:Infinity":3,"b:25:2:27:Infinity:undefined:undefined:undefined:undefined":1,"s:25:2:27:Infinity":4,"s:26:4:26:Infinity":5,"b:29:2:47:Infinity:undefined:undefined:undefined:undefined":2,"s:29:2:47:Infinity":6,"s:30:4:45:Infinity":7,"s:49:2:49:Infinity":8},"fnNames":{}}}
,"/home/kkk/projects/raslipwani/.claude/worktrees/phase2-revenue-data-integrity/src/components/admin/DebugPanel.jsx": {"path":"/home/kkk/projects/raslipwani/.claude/worktrees/phase2-revenue-data-integrity/src/components/admin/DebugPanel.jsx","statementMap":{"0":{"start":{"line":11,"column":19},"end":{"line":197,"column":null}},"1":{"start":{"line":12,"column":22},"end":{"line":12,"column":null}},"2":{"start":{"line":13,"column":26},"end":{"line":13,"column":null}},"3":{"start":{"line":14,"column":32},"end":{"line":14,"column":null}},"4":{"start":{"line":15,"column":8},"end":{"line":15,"column":null}},"5":{"start":{"line":16,"column":8},"end":{"line":16,"column":null}},"6":{"start":{"line":19,"column":2},"end":{"line":36,"column":null}},"7":{"start":{"line":20,"column":28},"end":{"line":32,"column":null}},"8":{"start":{"line":21,"column":6},"end":{"line":21,"column":null}},"9":{"start":{"line":23,"column":6},"end":{"line":23,"column":null}},"10":{"start":{"line":23,"column":31},"end":{"line":23,"column":null}},"11":{"start":{"line":25,"column":6},"end":{"line":31,"column":null}},"12":{"start":{"line":26,"column":8},"end":{"line":29,"column":null}},"13":{"start":{"line":27,"column":10},"end":{"line":27,"column":null}},"14":{"start":{"line":27,"column":31},"end":{"line":27,"column":36}},"15":{"start":{"line":28,"column":10},"end":{"line":28,"column":null}},"16":{"start":{"line":30,"column":8},"end":{"line":30,"column":null}},"17":{"start":{"line":34,"column":4},"end":{"line":34,"column":null}},"18":{"start":{"line":35,"column":4},"end":{"line":35,"column":null}},"19":{"start":{"line":35,"column":17},"end":{"line":35,"column":null}},"20":{"start":{"line":38,"column":2},"end":{"line":106,"column":null}},"21":{"start":{"line":39,"column":24},"end":{"line":39,"column":null}},"22":{"start":{"line":40,"column":26},"end":{"line":40,"column":null}},"23":{"start":{"line":41,"column":25},"end":{"line":41,"column":null}},"24":{"start":{"line":43,"column":19},"end":{"line":73,"column":null}},"25":{"start":{"line":44,"column":22},"end":{"line":53,"column":null}},"26":{"start":{"line":45,"column":8},"end":{"line":51,"column":null}},"27":{"start":{"line":46,"column":10},"end":{"line":50,"column":null}},"28":{"start":{"line":47,"column":12},"end":{"line":47,"column":null}},"29":{"start":{"line":49,"column":12},"end":{"line":49,"column":null}},"30":{"start":{"line":52,"column":8},"end":{"line":52,"column":null}},"31":{"start":{"line":55,"column":23},"end":{"line":60,"column":null}},"32":{"start":{"line":62,"column":6},"end":{"line":72,"column":null}},"33":{"start":{"line":63,"column":24},"end":{"line":63,"column":null}},"34":{"start":{"line":65,"column":8},"end":{"line":70,"column":null}},"35":{"start":{"line":66,"column":10},"end":{"line":66,"column":null}},"36":{"start":{"line":69,"column":10},"end":{"line":69,"column":null}},"37":{"start":{"line":71,"column":8},"end":{"line":71,"column":null}},"38":{"start":{"line":75,"column":4},"end":{"line":78,"column":null}},"39":{"start":{"line":76,"column":6},"end":{"line":76,"column":null}},"40":{"start":{"line":77,"column":6},"end":{"line":77,"column":null}},"41":{"start":{"line":80,"column":4},"end":{"line":83,"column":null}},"42":{"start":{"line":81,"column":6},"end":{"line":81,"column":null}},"43":{"start":{"line":82,"column":6},"end":{"line":82,"column":null}},"44":{"start":{"line":85,"column":4},"end":{"line":88,"column":null}},"45":{"start":{"line":86,"column":6},"end":{"line":86,"column":null}},"46":{"start":{"line":87,"column":6},"end":{"line":87,"column":null}},"47":{"start":{"line":91,"column":4},"end":{"line":99,"column":null}},"48":{"start":{"line":92,"column":24},"end":{"line":92,"column":null}},"49":{"start":{"line":93,"column":6},"end":{"line":95,"column":null}},"50":{"start":{"line":94,"column":8},"end":{"line":94,"column":null}},"51":{"start":{"line":101,"column":4},"end":{"line":105,"column":null}},"52":{"start":{"line":102,"column":6},"end":{"line":102,"column":null}},"53":{"start":{"line":103,"column":6},"end":{"line":103,"column":null}},"54":{"start":{"line":104,"column":6},"end":{"line":104,"column":null}},"55":{"start":{"line":109,"column":23},"end":{"line":121,"column":null}},"56":{"start":{"line":110,"column":20},"end":{"line":112,"column":null}},"57":{"start":{"line":111,"column":6},"end":{"line":111,"column":null}},"58":{"start":{"line":114,"column":17},"end":{"line":114,"column":null}},"59":{"start":{"line":115,"column":16},"end":{"line":115,"column":null}},"60":{"start":{"line":116,"column":14},"end":{"line":116,"column":null}},"61":{"start":{"line":117,"column":4},"end":{"line":117,"column":null}},"62":{"start":{"line":118,"column":4},"end":{"line":118,"column":null}},"63":{"start":{"line":119,"column":4},"end":{"line":119,"column":null}},"64":{"start":{"line":120,"column":4},"end":{"line":120,"column":null}},"65":{"start":{"line":123,"column":22},"end":{"line":129,"column":null}},"66":{"start":{"line":124,"column":4},"end":{"line":128,"column":null}},"67":{"start":{"line":125,"column":20},"end":{"line":125,"column":null}},"68":{"start":{"line":126,"column":19},"end":{"line":126,"column":null}},"69":{"start":{"line":127,"column":15},"end":{"line":127,"column":null}},"70":{"start":{"line":132,"column":2},"end":{"line":132,"column":null}},"71":{"start":{"line":132,"column":18},"end":{"line":132,"column":null}},"72":{"start":{"line":134,"column":2},"end":{"line":195,"column":null}},"73":{"start":{"line":138,"column":23},"end":{"line":138,"column":null}},"74":{"start":{"line":142,"column":26},"end":{"line":142,"column":44}},"75":{"start":{"line":144,"column":30},"end":{"line":144,"column":48}},"76":{"start":{"line":164,"column":33},"end":{"line":164,"column":46}},"77":{"start":{"line":164,"column":46},"end":{"line":164,"column":85}},"78":{"start":{"line":171,"column":31},"end":{"line":171,"column":null}},"79":{"start":{"line":185,"column":16},"end":{"line":189,"column":null}}},"fnMap":{"0":{"name":"(anonymous_0)","decl":{"start":{"line":11,"column":19},"end":{"line":11,"column":20}},"loc":{"start":{"line":11,"column":42},"end":{"line":197,"column":null}},"line":11},"1":{"name":"(anonymous_1)","decl":{"start":{"line":19,"column":12},"end":{"line":19,"column":18}},"loc":{"start":{"line":19,"column":18},"end":{"line":36,"column":5}},"line":19},"2":{"name":"(anonymous_2)","decl":{"start":{"line":20,"column":28},"end":{"line":20,"column":34}},"loc":{"start":{"line":20,"column":34},"end":{"line":32,"column":null}},"line":20},"3":{"name":"(anonymous_3)","decl":{"start":{"line":25,"column":39},"end":{"line":25,"column":45}},"loc":{"start":{"line":25,"column":45},"end":{"line":31,"column":9}},"line":25},"4":{"name":"(anonymous_4)","decl":{"start":{"line":27,"column":23},"end":{"line":27,"column":31}},"loc":{"start":{"line":27,"column":31},"end":{"line":27,"column":36}},"line":27},"5":{"name":"(anonymous_5)","decl":{"start":{"line":35,"column":11},"end":{"line":35,"column":17}},"loc":{"start":{"line":35,"column":17},"end":{"line":35,"column":null}},"line":35},"6":{"name":"(anonymous_6)","decl":{"start":{"line":38,"column":12},"end":{"line":38,"column":18}},"loc":{"start":{"line":38,"column":18},"end":{"line":106,"column":5}},"line":38},"7":{"name":"(anonymous_7)","decl":{"start":{"line":43,"column":19},"end":{"line":43,"column":20}},"loc":{"start":{"line":43,"column":35},"end":{"line":73,"column":null}},"line":43},"8":{"name":"(anonymous_8)","decl":{"start":{"line":44,"column":31},"end":{"line":44,"column":38}},"loc":{"start":{"line":44,"column":38},"end":{"line":53,"column":7}},"line":44},"9":{"name":"(anonymous_9)","decl":{"start":{"line":62,"column":14},"end":{"line":62,"column":22}},"loc":{"start":{"line":62,"column":22},"end":{"line":72,"column":7}},"line":62},"10":{"name":"(anonymous_10)","decl":{"start":{"line":75,"column":18},"end":{"line":75,"column":22}},"loc":{"start":{"line":75,"column":31},"end":{"line":78,"column":null}},"line":75},"11":{"name":"(anonymous_11)","decl":{"start":{"line":80,"column":20},"end":{"line":80,"column":24}},"loc":{"start":{"line":80,"column":33},"end":{"line":83,"column":null}},"line":80},"12":{"name":"(anonymous_12)","decl":{"start":{"line":85,"column":19},"end":{"line":85,"column":23}},"loc":{"start":{"line":85,"column":32},"end":{"line":88,"column":null}},"line":85},"13":{"name":"(anonymous_13)","decl":{"start":{"line":101,"column":11},"end":{"line":101,"column":17}},"loc":{"start":{"line":101,"column":17},"end":{"line":105,"column":null}},"line":101},"14":{"name":"(anonymous_14)","decl":{"start":{"line":109,"column":23},"end":{"line":109,"column":29}},"loc":{"start":{"line":109,"column":29},"end":{"line":121,"column":null}},"line":109},"15":{"name":"(anonymous_15)","decl":{"start":{"line":110,"column":29},"end":{"line":110,"column":null}},"loc":{"start":{"line":111,"column":6},"end":{"line":111,"column":null}},"line":111},"16":{"name":"(anonymous_16)","decl":{"start":{"line":123,"column":22},"end":{"line":123,"column":23}},"loc":{"start":{"line":123,"column":32},"end":{"line":129,"column":null}},"line":123},"17":{"name":"(anonymous_17)","decl":{"start":{"line":138,"column":17},"end":{"line":138,"column":23}},"loc":{"start":{"line":138,"column":23},"end":{"line":138,"column":null}},"line":138},"18":{"name":"(anonymous_18)","decl":{"start":{"line":142,"column":21},"end":{"line":142,"column":26}},"loc":{"start":{"line":142,"column":26},"end":{"line":142,"column":44}},"line":142},"19":{"name":"(anonymous_19)","decl":{"start":{"line":144,"column":25},"end":{"line":144,"column":30}},"loc":{"start":{"line":144,"column":30},"end":{"line":144,"column":48}},"line":144},"20":{"name":"(anonymous_20)","decl":{"start":{"line":164,"column":25},"end":{"line":164,"column":31}},"loc":{"start":{"line":164,"column":31},"end":{"line":164,"column":null}},"line":164},"21":{"name":"(anonymous_21)","decl":{"start":{"line":171,"column":25},"end":{"line":171,"column":31}},"loc":{"start":{"line":171,"column":31},"end":{"line":171,"column":null}},"line":171},"22":{"name":"(anonymous_22)","decl":{"start":{"line":184,"column":23},"end":{"line":184,"column":24}},"loc":{"start":{"line":185,"column":16},"end":{"line":189,"column":null}},"line":185}},"branchMap":{"0":{"loc":{"start":{"line":11,"column":22},"end":{"line":11,"column":36}},"type":"default-arg","locations":[{"start":{"line":11,"column":31},"end":{"line":11,"column":36}}],"line":11},"1":{"loc":{"start":{"line":23,"column":6},"end":{"line":23,"column":null}},"type":"if","locations":[{"start":{"line":23,"column":6},"end":{"line":23,"column":null}},{"start":{},"end":{}}],"line":23},"2":{"loc":{"start":{"line":26,"column":8},"end":{"line":29,"column":null}},"type":"if","locations":[{"start":{"line":26,"column":8},"end":{"line":29,"column":null}},{"start":{},"end":{}}],"line":26},"3":{"loc":{"start":{"line":28,"column":40},"end":{"line":28,"column":71}},"type":"cond-expr","locations":[{"start":{"line":28,"column":52},"end":{"line":28,"column":63}},{"start":{"line":28,"column":63},"end":{"line":28,"column":71}}],"line":28},"4":{"loc":{"start":{"line":45,"column":8},"end":{"line":51,"column":null}},"type":"if","locations":[{"start":{"line":45,"column":8},"end":{"line":51,"column":null}},{"start":{},"end":{}}],"line":45},"5":{"loc":{"start":{"line":93,"column":6},"end":{"line":95,"column":null}},"type":"if","locations":[{"start":{"line":93,"column":6},"end":{"line":95,"column":null}},{"start":{},"end":{}}],"line":93},"6":{"loc":{"start":{"line":124,"column":4},"end":{"line":128,"column":null}},"type":"switch","locations":[{"start":{"line":125,"column":6},"end":{"line":125,"column":null}},{"start":{"line":126,"column":6},"end":{"line":126,"column":null}},{"start":{"line":127,"column":6},"end":{"line":127,"column":null}}],"line":124},"7":{"loc":{"start":{"line":132,"column":2},"end":{"line":132,"column":null}},"type":"if","locations":[{"start":{"line":132,"column":2},"end":{"line":132,"column":null}},{"start":{},"end":{}}],"line":132},"8":{"loc":{"start":{"line":142,"column":9},"end":{"line":145,"column":null}},"type":"binary-expr","locations":[{"start":{"line":142,"column":9},"end":{"line":142,"column":null}},{"start":{"line":143,"column":10},"end":{"line":145,"column":null}}],"line":142},"9":{"loc":{"start":{"line":150,"column":7},"end":{"line":193,"column":null}},"type":"binary-expr","locations":[{"start":{"line":150,"column":7},"end":{"line":150,"column":null}},{"start":{"line":151,"column":8},"end":{"line":193,"column":null}}],"line":150},"10":{"loc":{"start":{"line":181,"column":13},"end":{"line":190,"column":null}},"type":"cond-expr","locations":[{"start":{"line":182,"column":14},"end":{"line":182,"column":null}},{"start":{"line":184,"column":14},"end":{"line":190,"column":null}}],"line":181}},"s":{"0":1,"1":7,"2":7,"3":7,"4":7,"5":7,"6":7,"7":3,"8":1,"9":1,"10":0,"11":1,"12":0,"13":0,"14":0,"15":0,"16":0,"17":3,"18":3,"19":3,"20":7,"21":3,"22":3,"23":3,"24":3,"25":2,"26":2,"27":0,"28":0,"29":0,"30":2,"31":2,"32":2,"33":2,"34":2,"35":2,"36":0,"37":2,"38":3,"39":0,"40":0,"41":3,"42":0,"43":0,"44":3,"45":2,"46":2,"47":3,"48":3,"49":3,"50":2,"51":3,"52":3,"53":3,"54":3,"55":7,"56":0,"57":0,"58":0,"59":0,"60":0,"61":0,"62":0,"63":0,"64":0,"65":7,"66":0,"67":0,"68":0,"69":0,"70":7,"71":7,"72":0,"73":0,"74":0,"75":0,"76":0,"77":0,"78":0,"79":0},"f":{"0":7,"1":3,"2":1,"3":0,"4":0,"5":3,"6":3,"7":2,"8":2,"9":2,"10":0,"11":0,"12":2,"13":3,"14":0,"15":0,"16":0,"17":0,"18":0,"19":0,"20":0,"21":0,"22":0},"b":{"0":[7],"1":[0,1],"2":[0,0],"3":[0,0],"4":[0,2],"5":[2,1],"6":[0,0,0],"7":[7,0],"8":[0,0],"9":[7,0],"10":[0,0]},"meta":{"lastBranch":11,"lastFunction":23,"lastStatement":80,"seen":{"s:11:19:197:Infinity":0,"f:11:19:11:20":0,"b:11:31:11:36":0,"s:12:22:12:Infinity":1,"s:13:26:13:Infinity":2,"s:14:32:14:Infinity":3,"s:15:8:15:Infinity":4,"s:16:8:16:Infinity":5,"s:19:2:36:Infinity":6,"f:19:12:19:18":1,"s:20:28:32:Infinity":7,"f:20:28:20:34":2,"s:21:6:21:Infinity":8,"b:23:6:23:Infinity:undefined:undefined:undefined:undefined":1,"s:23:6:23:Infinity":9,"s:23:31:23:Infinity":10,"s:25:6:31:Infinity":11,"f:25:39:25:45":3,"b:26:8:29:Infinity:undefined:undefined:undefined:undefined":2,"s:26:8:29:Infinity":12,"s:27:10:27:Infinity":13,"f:27:23:27:31":4,"s:27:31:27:36":14,"s:28:10:28:Infinity":15,"b:28:52:28:63:28:63:28:71":3,"s:30:8:30:Infinity":16,"s:34:4:34:Infinity":17,"s:35:4:35:Infinity":18,"f:35:11:35:17":5,"s:35:17:35:Infinity":19,"s:38:2:106:Infinity":20,"f:38:12:38:18":6,"s:39:24:39:Infinity":21,"s:40:26:40:Infinity":22,"s:41:25:41:Infinity":23,"s:43:19:73:Infinity":24,"f:43:19:43:20":7,"s:44:22:53:Infinity":25,"f:44:31:44:38":8,"b:45:8:51:Infinity:undefined:undefined:undefined:undefined":4,"s:45:8:51:Infinity":26,"s:46:10:50:Infinity":27,"s:47:12:47:Infinity":28,"s:49:12:49:Infinity":29,"s:52:8:52:Infinity":30,"s:55:23:60:Infinity":31,"s:62:6:72:Infinity":32,"f:62:14:62:22":9,"s:63:24:63:Infinity":33,"s:65:8:70:Infinity":34,"s:66:10:66:Infinity":35,"s:69:10:69:Infinity":36,"s:71:8:71:Infinity":37,"s:75:4:78:Infinity":38,"f:75:18:75:22":10,"s:76:6:76:Infinity":39,"s:77:6:77:Infinity":40,"s:80:4:83:Infinity":41,"f:80:20:80:24":11,"s:81:6:81:Infinity":42,"s:82:6:82:Infinity":43,"s:85:4:88:Infinity":44,"f:85:19:85:23":12,"s:86:6:86:Infinity":45,"s:87:6:87:Infinity":46,"s:91:4:99:Infinity":47,"s:92:24:92:Infinity":48,"b:93:6:95:Infinity:undefined:undefined:undefined:undefined":5,"s:93:6:95:Infinity":49,"s:94:8:94:Infinity":50,"s:101:4:105:Infinity":51,"f:101:11:101:17":13,"s:102:6:102:Infinity":52,"s:103:6:103:Infinity":53,"s:104:6:104:Infinity":54,"s:109:23:121:Infinity":55,"f:109:23:109:29":14,"s:110:20:112:Infinity":56,"f:110:29:110:Infinity":15,"s:111:6:111:Infinity":57,"s:114:17:114:Infinity":58,"s:115:16:115:Infinity":59,"s:116:14:116:Infinity":60,"s:117:4:117:Infinity":61,"s:118:4:118:Infinity":62,"s:119:4:119:Infinity":63,"s:120:4:120:Infinity":64,"s:123:22:129:Infinity":65,"f:123:22:123:23":16,"b:125:6:125:Infinity:126:6:126:Infinity:127:6:127:Infinity":6,"s:124:4:128:Infinity":66,"s:125:20:125:Infinity":67,"s:126:19:126:Infinity":68,"s:127:15:127:Infinity":69,"b:132:2:132:Infinity:undefined:undefined:undefined:undefined":7,"s:132:2:132:Infinity":70,"s:132:18:132:Infinity":71,"s:134:2:195:Infinity":72,"f:138:17:138:23":17,"s:138:23:138:Infinity":73,"b:142:9:142:Infinity:143:10:145:Infinity":8,"f:142:21:142:26":18,"s:142:26:142:44":74,"f:144:25:144:30":19,"s:144:30:144:48":75,"b:150:7:150:Infinity:151:8:193:Infinity":9,"f:164:25:164:31":20,"s:164:33:164:46":76,"s:164:46:164:85":77,"f:171:25:171:31":21,"s:171:31:171:Infinity":78,"b:182:14:182:Infinity:184:14:190:Infinity":10,"f:184:23:184:24":22,"s:185:16:189:Infinity":79},"fnNames":{}}}
,"/home/kkk/projects/raslipwani/.claude/worktrees/phase2-revenue-data-integrity/src/components/admin/MobileBookingCard.jsx": {"path":"/home/kkk/projects/raslipwani/.claude/worktrees/phase2-revenue-data-integrity/src/components/admin/MobileBookingCard.jsx","statementMap":{"0":{"start":{"line":21,"column":26},"end":{"line":253,"column":null}},"1":{"start":{"line":29,"column":34},"end":{"line":29,"column":null}},"2":{"start":{"line":30,"column":8},"end":{"line":30,"column":null}},"3":{"start":{"line":32,"column":8},"end":{"line":32,"column":null}},"4":{"start":{"line":33,"column":8},"end":{"line":33,"column":null}},"5":{"start":{"line":34,"column":8},"end":{"line":34,"column":null}},"6":{"start":{"line":35,"column":8},"end":{"line":35,"column":null}},"7":{"start":{"line":38,"column":26},"end":{"line":38,"column":null}},"8":{"start":{"line":39,"column":8},"end":{"line":39,"column":null}},"9":{"start":{"line":40,"column":8},"end":{"line":40,"column":null}},"10":{"start":{"line":41,"column":8},"end":{"line":41,"column":null}},"11":{"start":{"line":44,"column":25},"end":{"line":49,"column":null}},"12":{"start":{"line":52,"column":26},"end":{"line":63,"column":null}},"13":{"start":{"line":53,"column":4},"end":{"line":55,"column":null}},"14":{"start":{"line":54,"column":6},"end":{"line":54,"column":null}},"15":{"start":{"line":56,"column":4},"end":{"line":58,"column":null}},"16":{"start":{"line":57,"column":6},"end":{"line":57,"column":null}},"17":{"start":{"line":59,"column":4},"end":{"line":61,"column":null}},"18":{"start":{"line":60,"column":6},"end":{"line":60,"column":null}},"19":{"start":{"line":62,"column":4},"end":{"line":62,"column":null}},"20":{"start":{"line":66,"column":17},"end":{"line":70,"column":null}},"21":{"start":{"line":67,"column":4},"end":{"line":69,"column":null}},"22":{"start":{"line":68,"column":6},"end":{"line":68,"column":null}},"23":{"start":{"line":72,"column":24},"end":{"line":86,"column":null}},"24":{"start":{"line":73,"column":22},"end":{"line":73,"column":null}},"25":{"start":{"line":75,"column":4},"end":{"line":85,"column":null}},"26":{"start":{"line":77,"column":6},"end":{"line":77,"column":null}},"27":{"start":{"line":78,"column":6},"end":{"line":78,"column":null}},"28":{"start":{"line":79,"column":4},"end":{"line":85,"column":null}},"29":{"start":{"line":81,"column":6},"end":{"line":81,"column":null}},"30":{"start":{"line":82,"column":6},"end":{"line":82,"column":null}},"31":{"start":{"line":84,"column":6},"end":{"line":84,"column":null}},"32":{"start":{"line":88,"column":23},"end":{"line":92,"column":null}},"33":{"start":{"line":89,"column":4},"end":{"line":89,"column":null}},"34":{"start":{"line":90,"column":4},"end":{"line":90,"column":null}},"35":{"start":{"line":91,"column":4},"end":{"line":91,"column":null}},"36":{"start":{"line":94,"column":2},"end":{"line":251,"column":null}},"37":{"start":{"line":105,"column":25},"end":{"line":105,"column":null}},"38":{"start":{"line":119,"column":25},"end":{"line":119,"column":null}},"39":{"start":{"line":143,"column":23},"end":{"line":143,"column":null}},"40":{"start":{"line":170,"column":16},"end":{"line":170,"column":null}},"41":{"start":{"line":171,"column":16},"end":{"line":171,"column":null}},"42":{"start":{"line":202,"column":16},"end":{"line":202,"column":null}},"43":{"start":{"line":203,"column":16},"end":{"line":203,"column":null}},"44":{"start":{"line":204,"column":16},"end":{"line":204,"column":null}},"45":{"start":{"line":215,"column":16},"end":{"line":215,"column":null}},"46":{"start":{"line":216,"column":16},"end":{"line":216,"column":null}},"47":{"start":{"line":217,"column":16},"end":{"line":217,"column":null}},"48":{"start":{"line":248,"column":25},"end":{"line":248,"column":null}}},"fnMap":{"0":{"name":"(anonymous_0)","decl":{"start":{"line":21,"column":26},"end":{"line":21,"column":27}},"loc":{"start":{"line":28,"column":6},"end":{"line":253,"column":null}},"line":28},"1":{"name":"(anonymous_1)","decl":{"start":{"line":52,"column":26},"end":{"line":52,"column":32}},"loc":{"start":{"line":52,"column":32},"end":{"line":63,"column":null}},"line":52},"2":{"name":"(anonymous_2)","decl":{"start":{"line":66,"column":17},"end":{"line":66,"column":23}},"loc":{"start":{"line":66,"column":23},"end":{"line":70,"column":null}},"line":66},"3":{"name":"(anonymous_3)","decl":{"start":{"line":72,"column":24},"end":{"line":72,"column":25}},"loc":{"start":{"line":72,"column":41},"end":{"line":86,"column":null}},"line":72},"4":{"name":"(anonymous_4)","decl":{"start":{"line":88,"column":23},"end":{"line":88,"column":24}},"loc":{"start":{"line":88,"column":35},"end":{"line":92,"column":null}},"line":88},"5":{"name":"(anonymous_5)","decl":{"start":{"line":105,"column":19},"end":{"line":105,"column":25}},"loc":{"start":{"line":105,"column":25},"end":{"line":105,"column":null}},"line":105},"6":{"name":"(anonymous_6)","decl":{"start":{"line":119,"column":19},"end":{"line":119,"column":25}},"loc":{"start":{"line":119,"column":25},"end":{"line":119,"column":null}},"line":119},"7":{"name":"(anonymous_7)","decl":{"start":{"line":143,"column":17},"end":{"line":143,"column":23}},"loc":{"start":{"line":143,"column":23},"end":{"line":143,"column":null}},"line":143},"8":{"name":"(anonymous_8)","decl":{"start":{"line":169,"column":23},"end":{"line":169,"column":24}},"loc":{"start":{"line":169,"column":30},"end":{"line":172,"column":null}},"line":169},"9":{"name":"(anonymous_9)","decl":{"start":{"line":201,"column":23},"end":{"line":201,"column":24}},"loc":{"start":{"line":201,"column":30},"end":{"line":205,"column":null}},"line":201},"10":{"name":"(anonymous_10)","decl":{"start":{"line":214,"column":23},"end":{"line":214,"column":24}},"loc":{"start":{"line":214,"column":30},"end":{"line":218,"column":null}},"line":214},"11":{"name":"(anonymous_11)","decl":{"start":{"line":248,"column":19},"end":{"line":248,"column":25}},"loc":{"start":{"line":248,"column":25},"end":{"line":248,"column":null}},"line":248}},"branchMap":{"0":{"loc":{"start":{"line":53,"column":4},"end":{"line":55,"column":null}},"type":"if","locations":[{"start":{"line":53,"column":4},"end":{"line":55,"column":null}},{"start":{},"end":{}}],"line":53},"1":{"loc":{"start":{"line":56,"column":4},"end":{"line":58,"column":null}},"type":"if","locations":[{"start":{"line":56,"column":4},"end":{"line":58,"column":null}},{"start":{},"end":{}}],"line":56},"2":{"loc":{"start":{"line":59,"column":4},"end":{"line":61,"column":null}},"type":"if","locations":[{"start":{"line":59,"column":4},"end":{"line":61,"column":null}},{"start":{},"end":{}}],"line":59},"3":{"loc":{"start":{"line":67,"column":4},"end":{"line":69,"column":null}},"type":"if","locations":[{"start":{"line":67,"column":4},"end":{"line":69,"column":null}},{"start":{},"end":{}}],"line":67},"4":{"loc":{"start":{"line":75,"column":4},"end":{"line":85,"column":null}},"type":"if","locations":[{"start":{"line":75,"column":4},"end":{"line":85,"column":null}},{"start":{"line":79,"column":4},"end":{"line":85,"column":null}}],"line":75},"5":{"loc":{"start":{"line":79,"column":4},"end":{"line":85,"column":null}},"type":"if","locations":[{"start":{"line":79,"column":4},"end":{"line":85,"column":null}},{"start":{"line":83,"column":11},"end":{"line":85,"column":null}}],"line":79},"6":{"loc":{"start":{"line":135,"column":13},"end":{"line":135,"column":null}},"type":"cond-expr","locations":[{"start":{"line":135,"column":37},"end":{"line":135,"column":43}},{"start":{"line":135,"column":43},"end":{"line":135,"column":null}}],"line":135},"7":{"loc":{"start":{"line":135,"column":43},"end":{"line":135,"column":null}},"type":"cond-expr","locations":[{"start":{"line":135,"column":68},"end":{"line":135,"column":75}},{"start":{"line":135,"column":75},"end":{"line":135,"column":null}}],"line":135},"8":{"loc":{"start":{"line":140,"column":12},"end":{"line":140,"column":69}},"type":"binary-expr","locations":[{"start":{"line":140,"column":12},"end":{"line":140,"column":48}},{"start":{"line":140,"column":48},"end":{"line":140,"column":69}}],"line":140},"9":{"loc":{"start":{"line":143,"column":23},"end":{"line":143,"column":null}},"type":"binary-expr","locations":[{"start":{"line":143,"column":23},"end":{"line":143,"column":38}},{"start":{"line":143,"column":38},"end":{"line":143,"column":null}}],"line":143},"10":{"loc":{"start":{"line":154,"column":17},"end":{"line":158,"column":null}},"type":"binary-expr","locations":[{"start":{"line":154,"column":17},"end":{"line":154,"column":null}},{"start":{"line":155,"column":18},"end":{"line":158,"column":null}}],"line":154},"11":{"loc":{"start":{"line":160,"column":17},"end":{"line":164,"column":null}},"type":"binary-expr","locations":[{"start":{"line":160,"column":17},"end":{"line":160,"column":null}},{"start":{"line":161,"column":18},"end":{"line":164,"column":null}}],"line":160},"12":{"loc":{"start":{"line":182,"column":14},"end":{"line":184,"column":90}},"type":"cond-expr","locations":[{"start":{"line":182,"column":35},"end":{"line":182,"column":null}},{"start":{"line":183,"column":14},"end":{"line":184,"column":90}}],"line":182},"13":{"loc":{"start":{"line":183,"column":14},"end":{"line":184,"column":90}},"type":"cond-expr","locations":[{"start":{"line":183,"column":38},"end":{"line":183,"column":null}},{"start":{"line":184,"column":14},"end":{"line":184,"column":90}}],"line":183},"14":{"loc":{"start":{"line":184,"column":14},"end":{"line":184,"column":90}},"type":"cond-expr","locations":[{"start":{"line":184,"column":34},"end":{"line":184,"column":64}},{"start":{"line":184,"column":64},"end":{"line":184,"column":90}}],"line":184},"15":{"loc":{"start":{"line":191,"column":11},"end":{"line":195,"column":null}},"type":"binary-expr","locations":[{"start":{"line":191,"column":11},"end":{"line":191,"column":null}},{"start":{"line":192,"column":12},"end":{"line":195,"column":null}}],"line":191},"16":{"loc":{"start":{"line":231,"column":11},"end":{"line":239,"column":null}},"type":"binary-expr","locations":[{"start":{"line":231,"column":11},"end":{"line":231,"column":null}},{"start":{"line":232,"column":12},"end":{"line":239,"column":null}}],"line":231},"17":{"loc":{"start":{"line":245,"column":7},"end":{"line":249,"column":null}},"type":"binary-expr","locations":[{"start":{"line":245,"column":7},"end":{"line":245,"column":null}},{"start":{"line":246,"column":8},"end":{"line":249,"column":null}}],"line":245}},"s":{"0":1,"1":0,"2":0,"3":0,"4":0,"5":0,"6":0,"7":0,"8":0,"9":0,"10":0,"11":0,"12":0,"13":0,"14":0,"15":0,"16":0,"17":0,"18":0,"19":0,"20":0,"21":0,"22":0,"23":0,"24":0,"25":0,"26":0,"27":0,"28":0,"29":0,"30":0,"31":0,"32":0,"33":0,"34":0,"35":0,"36":0,"37":0,"38":0,"39":0,"40":0,"41":0,"42":0,"43":0,"44":0,"45":0,"46":0,"47":0,"48":0},"f":{"0":0,"1":0,"2":0,"3":0,"4":0,"5":0,"6":0,"7":0,"8":0,"9":0,"10":0,"11":0},"b":{"0":[0,0],"1":[0,0],"2":[0,0],"3":[0,0],"4":[0,0],"5":[0,0],"6":[0,0],"7":[0,0],"8":[0,0],"9":[0,0],"10":[0,0],"11":[0,0],"12":[0,0],"13":[0,0],"14":[0,0],"15":[0,0],"16":[0,0],"17":[0,0]},"meta":{"lastBranch":18,"lastFunction":12,"lastStatement":49,"seen":{"s:21:26:253:Infinity":0,"f:21:26:21:27":0,"s:29:34:29:Infinity":1,"s:30:8:30:Infinity":2,"s:32:8:32:Infinity":3,"s:33:8:33:Infinity":4,"s:34:8:34:Infinity":5,"s:35:8:35:Infinity":6,"s:38:26:38:Infinity":7,"s:39:8:39:Infinity":8,"s:40:8:40:Infinity":9,"s:41:8:41:Infinity":10,"s:44:25:49:Infinity":11,"s:52:26:63:Infinity":12,"f:52:26:52:32":1,"b:53:4:55:Infinity:undefined:undefined:undefined:undefined":0,"s:53:4:55:Infinity":13,"s:54:6:54:Infinity":14,"b:56:4:58:Infinity:undefined:undefined:undefined:undefined":1,"s:56:4:58:Infinity":15,"s:57:6:57:Infinity":16,"b:59:4:61:Infinity:undefined:undefined:undefined:undefined":2,"s:59:4:61:Infinity":17,"s:60:6:60:Infinity":18,"s:62:4:62:Infinity":19,"s:66:17:70:Infinity":20,"f:66:17:66:23":2,"b:67:4:69:Infinity:undefined:undefined:undefined:undefined":3,"s:67:4:69:Infinity":21,"s:68:6:68:Infinity":22,"s:72:24:86:Infinity":23,"f:72:24:72:25":3,"s:73:22:73:Infinity":24,"b:75:4:85:Infinity:79:4:85:Infinity":4,"s:75:4:85:Infinity":25,"s:77:6:77:Infinity":26,"s:78:6:78:Infinity":27,"b:79:4:85:Infinity:83:11:85:Infinity":5,"s:79:4:85:Infinity":28,"s:81:6:81:Infinity":29,"s:82:6:82:Infinity":30,"s:84:6:84:Infinity":31,"s:88:23:92:Infinity":32,"f:88:23:88:24":4,"s:89:4:89:Infinity":33,"s:90:4:90:Infinity":34,"s:91:4:91:Infinity":35,"s:94:2:251:Infinity":36,"f:105:19:105:25":5,"s:105:25:105:Infinity":37,"f:119:19:119:25":6,"s:119:25:119:Infinity":38,"b:135:37:135:43:135:43:135:Infinity":6,"b:135:68:135:75:135:75:135:Infinity":7,"b:140:12:140:48:140:48:140:69":8,"f:143:17:143:23":7,"s:143:23:143:Infinity":39,"b:143:23:143:38:143:38:143:Infinity":9,"b:154:17:154:Infinity:155:18:158:Infinity":10,"b:160:17:160:Infinity:161:18:164:Infinity":11,"f:169:23:169:24":8,"s:170:16:170:Infinity":40,"s:171:16:171:Infinity":41,"b:182:35:182:Infinity:183:14:184:90":12,"b:183:38:183:Infinity:184:14:184:90":13,"b:184:34:184:64:184:64:184:90":14,"b:191:11:191:Infinity:192:12:195:Infinity":15,"f:201:23:201:24":9,"s:202:16:202:Infinity":42,"s:203:16:203:Infinity":43,"s:204:16:204:Infinity":44,"f:214:23:214:24":10,"s:215:16:215:Infinity":45,"s:216:16:216:Infinity":46,"s:217:16:217:Infinity":47,"b:231:11:231:Infinity:232:12:239:Infinity":16,"b:245:7:245:Infinity:246:8:249:Infinity":17,"f:248:19:248:25":11,"s:248:25:248:Infinity":48},"fnNames":{}}}
,"/home/kkk/projects/raslipwani/.claude/worktrees/phase2-revenue-data-integrity/src/contexts/AuthContext.jsx": {"path":"/home/kkk/projects/raslipwani/.claude/worktrees/phase2-revenue-data-integrity/src/contexts/AuthContext.jsx","statementMap":{"0":{"start":{"line":4,"column":6},"end":{"line":4,"column":null}},"1":{"start":{"line":11,"column":2},"end":{"line":11,"column":null}},"2":{"start":{"line":11,"column":15},"end":{"line":11,"column":null}},"3":{"start":{"line":12,"column":26},"end":{"line":16,"column":null}},"4":{"start":{"line":18,"column":2},"end":{"line":22,"column":null}},"5":{"start":{"line":20,"column":4},"end":{"line":20,"column":null}},"6":{"start":{"line":21,"column":4},"end":{"line":21,"column":null}},"7":{"start":{"line":23,"column":2},"end":{"line":23,"column":null}},"8":{"start":{"line":26,"column":28},"end":{"line":123,"column":null}},"9":{"start":{"line":27,"column":28},"end":{"line":27,"column":null}},"10":{"start":{"line":28,"column":28},"end":{"line":28,"column":null}},"11":{"start":{"line":29,"column":28},"end":{"line":29,"column":null}},"12":{"start":{"line":46,"column":8},"end":{"line":46,"column":null}},"13":{"start":{"line":47,"column":8},"end":{"line":47,"column":null}},"14":{"start":{"line":48,"column":8},"end":{"line":48,"column":null}},"15":{"start":{"line":50,"column":2},"end":{"line":84,"column":null}},"16":{"start":{"line":51,"column":4},"end":{"line":51,"column":null}},"17":{"start":{"line":53,"column":25},"end":{"line":68,"column":null}},"18":{"start":{"line":54,"column":6},"end":{"line":54,"column":null}},"19":{"start":{"line":54,"column":30},"end":{"line":54,"column":null}},"20":{"start":{"line":55,"column":6},"end":{"line":55,"column":null}},"21":{"start":{"line":55,"column":53},"end":{"line":55,"column":null}},"22":{"start":{"line":56,"column":6},"end":{"line":56,"column":null}},"23":{"start":{"line":56,"column":25},"end":{"line":56,"column":null}},"24":{"start":{"line":58,"column":21},"end":{"line":58,"column":null}},"25":{"start":{"line":59,"column":26},"end":{"line":59,"column":null}},"26":{"start":{"line":64,"column":6},"end":{"line":64,"column":null}},"27":{"start":{"line":64,"column":62},"end":{"line":64,"column":null}},"28":{"start":{"line":65,"column":6},"end":{"line":65,"column":null}},"29":{"start":{"line":66,"column":6},"end":{"line":66,"column":null}},"30":{"start":{"line":67,"column":6},"end":{"line":67,"column":null}},"31":{"start":{"line":70,"column":4},"end":{"line":74,"column":null}},"32":{"start":{"line":71,"column":26},"end":{"line":71,"column":87}},"33":{"start":{"line":74,"column":19},"end":{"line":74,"column":63}},"34":{"start":{"line":76,"column":39},"end":{"line":78,"column":null}},"35":{"start":{"line":77,"column":33},"end":{"line":77,"column":93}},"36":{"start":{"line":80,"column":4},"end":{"line":83,"column":null}},"37":{"start":{"line":81,"column":6},"end":{"line":81,"column":null}},"38":{"start":{"line":82,"column":6},"end":{"line":82,"column":null}},"39":{"start":{"line":86,"column":8},"end":{"line":89,"column":null}},"40":{"start":{"line":87,"column":22},"end":{"line":87,"column":null}},"41":{"start":{"line":88,"column":4},"end":{"line":88,"column":null}},"42":{"start":{"line":91,"column":8},"end":{"line":103,"column":null}},"43":{"start":{"line":92,"column":22},"end":{"line":92,"column":null}},"44":{"start":{"line":98,"column":4},"end":{"line":98,"column":null}},"45":{"start":{"line":100,"column":4},"end":{"line":100,"column":null}},"46":{"start":{"line":101,"column":4},"end":{"line":101,"column":null}},"47":{"start":{"line":102,"column":4},"end":{"line":102,"column":null}},"48":{"start":{"line":105,"column":8},"end":{"line":110,"column":null}},"49":{"start":{"line":106,"column":22},"end":{"line":108,"column":null}},"50":{"start":{"line":109,"column":4},"end":{"line":109,"column":null}},"51":{"start":{"line":112,"column":16},"end":{"line":120,"column":null}},"52":{"start":{"line":122,"column":2},"end":{"line":122,"column":null}},"53":{"start":{"line":125,"column":23},"end":{"line":131,"column":null}},"54":{"start":{"line":126,"column":8},"end":{"line":126,"column":null}},"55":{"start":{"line":127,"column":2},"end":{"line":129,"column":null}},"56":{"start":{"line":128,"column":4},"end":{"line":128,"column":null}},"57":{"start":{"line":130,"column":2},"end":{"line":130,"column":null}}},"fnMap":{"0":{"name":"fetchIsAdmin","decl":{"start":{"line":10,"column":15},"end":{"line":10,"column":28}},"loc":{"start":{"line":10,"column":36},"end":{"line":24,"column":null}},"line":10},"1":{"name":"(anonymous_1)","decl":{"start":{"line":26,"column":28},"end":{"line":26,"column":29}},"loc":{"start":{"line":26,"column":46},"end":{"line":123,"column":null}},"line":26},"2":{"name":"(anonymous_2)","decl":{"start":{"line":50,"column":12},"end":{"line":50,"column":18}},"loc":{"start":{"line":50,"column":18},"end":{"line":84,"column":5}},"line":50},"3":{"name":"(anonymous_3)","decl":{"start":{"line":53,"column":25},"end":{"line":53,"column":32}},"loc":{"start":{"line":53,"column":67},"end":{"line":68,"column":null}},"line":53},"4":{"name":"(anonymous_4)","decl":{"start":{"line":71,"column":12},"end":{"line":71,"column":13}},"loc":{"start":{"line":71,"column":26},"end":{"line":71,"column":87}},"line":71},"5":{"name":"(anonymous_5)","decl":{"start":{"line":74,"column":13},"end":{"line":74,"column":19}},"loc":{"start":{"line":74,"column":19},"end":{"line":74,"column":63}},"line":74},"6":{"name":"(anonymous_6)","decl":{"start":{"line":77,"column":6},"end":{"line":77,"column":7}},"loc":{"start":{"line":77,"column":31},"end":{"line":77,"column":null}},"line":77},"7":{"name":"(anonymous_7)","decl":{"start":{"line":80,"column":11},"end":{"line":80,"column":17}},"loc":{"start":{"line":80,"column":17},"end":{"line":83,"column":null}},"line":80},"8":{"name":"(anonymous_8)","decl":{"start":{"line":86,"column":29},"end":{"line":86,"column":36}},"loc":{"start":{"line":86,"column":56},"end":{"line":89,"column":5}},"line":86},"9":{"name":"(anonymous_9)","decl":{"start":{"line":91,"column":30},"end":{"line":91,"column":42}},"loc":{"start":{"line":91,"column":42},"end":{"line":103,"column":5}},"line":91},"10":{"name":"(anonymous_10)","decl":{"start":{"line":105,"column":36},"end":{"line":105,"column":43}},"loc":{"start":{"line":105,"column":53},"end":{"line":110,"column":5}},"line":105},"11":{"name":"(anonymous_11)","decl":{"start":{"line":125,"column":23},"end":{"line":125,"column":29}},"loc":{"start":{"line":125,"column":29},"end":{"line":131,"column":null}},"line":125}},"branchMap":{"0":{"loc":{"start":{"line":11,"column":2},"end":{"line":11,"column":null}},"type":"if","locations":[{"start":{"line":11,"column":2},"end":{"line":11,"column":null}},{"start":{},"end":{}}],"line":11},"1":{"loc":{"start":{"line":18,"column":2},"end":{"line":22,"column":null}},"type":"if","locations":[{"start":{"line":18,"column":2},"end":{"line":22,"column":null}},{"start":{},"end":{}}],"line":18},"2":{"loc":{"start":{"line":54,"column":6},"end":{"line":54,"column":null}},"type":"if","locations":[{"start":{"line":54,"column":6},"end":{"line":54,"column":null}},{"start":{},"end":{}}],"line":54},"3":{"loc":{"start":{"line":55,"column":6},"end":{"line":55,"column":null}},"type":"if","locations":[{"start":{"line":55,"column":6},"end":{"line":55,"column":null}},{"start":{},"end":{}}],"line":55},"4":{"loc":{"start":{"line":55,"column":10},"end":{"line":55,"column":53}},"type":"binary-expr","locations":[{"start":{"line":55,"column":10},"end":{"line":55,"column":28}},{"start":{"line":55,"column":28},"end":{"line":55,"column":53}}],"line":55},"5":{"loc":{"start":{"line":56,"column":6},"end":{"line":56,"column":null}},"type":"if","locations":[{"start":{"line":56,"column":6},"end":{"line":56,"column":null}},{"start":{},"end":{}}],"line":56},"6":{"loc":{"start":{"line":64,"column":6},"end":{"line":64,"column":null}},"type":"if","locations":[{"start":{"line":64,"column":6},"end":{"line":64,"column":null}},{"start":{},"end":{}}],"line":64},"7":{"loc":{"start":{"line":64,"column":10},"end":{"line":64,"column":62}},"type":"binary-expr","locations":[{"start":{"line":64,"column":10},"end":{"line":64,"column":32}},{"start":{"line":64,"column":32},"end":{"line":64,"column":62}}],"line":64},"8":{"loc":{"start":{"line":71,"column":39},"end":{"line":71,"column":62}},"type":"binary-expr","locations":[{"start":{"line":71,"column":39},"end":{"line":71,"column":56}},{"start":{"line":71,"column":56},"end":{"line":71,"column":62}}],"line":71},"9":{"loc":{"start":{"line":77,"column":46},"end":{"line":77,"column":67}},"type":"binary-expr","locations":[{"start":{"line":77,"column":46},"end":{"line":77,"column":61}},{"start":{"line":77,"column":61},"end":{"line":77,"column":67}}],"line":77},"10":{"loc":{"start":{"line":88,"column":20},"end":{"line":88,"column":34}},"type":"binary-expr","locations":[{"start":{"line":88,"column":20},"end":{"line":88,"column":29}},{"start":{"line":88,"column":29},"end":{"line":88,"column":34}}],"line":88},"11":{"loc":{"start":{"line":102,"column":20},"end":{"line":102,"column":34}},"type":"binary-expr","locations":[{"start":{"line":102,"column":20},"end":{"line":102,"column":29}},{"start":{"line":102,"column":29},"end":{"line":102,"column":34}}],"line":102},"12":{"loc":{"start":{"line":109,"column":20},"end":{"line":109,"column":34}},"type":"binary-expr","locations":[{"start":{"line":109,"column":20},"end":{"line":109,"column":29}},{"start":{"line":109,"column":29},"end":{"line":109,"column":34}}],"line":109},"13":{"loc":{"start":{"line":114,"column":10},"end":{"line":114,"column":null}},"type":"binary-expr","locations":[{"start":{"line":114,"column":10},"end":{"line":114,"column":27}},{"start":{"line":114,"column":27},"end":{"line":114,"column":null}}],"line":114},"14":{"loc":{"start":{"line":127,"column":2},"end":{"line":129,"column":null}},"type":"if","locations":[{"start":{"line":127,"column":2},"end":{"line":129,"column":null}},{"start":{},"end":{}}],"line":127}},"s":{"0":1,"1":11,"2":7,"3":4,"4":4,"5":0,"6":0,"7":4,"8":1,"9":21,"10":21,"11":21,"12":21,"13":21,"14":21,"15":21,"16":9,"17":9,"18":12,"19":0,"20":12,"21":1,"22":11,"23":3,"24":11,"25":11,"26":11,"27":0,"28":11,"29":11,"30":11,"31":9,"32":8,"33":1,"34":9,"35":3,"36":9,"37":9,"38":9,"39":21,"40":1,"41":1,"42":21,"43":1,"44":1,"45":1,"46":1,"47":1,"48":21,"49":0,"50":0,"51":21,"52":21,"53":1,"54":26,"55":26,"56":4,"57":21},"f":{"0":11,"1":21,"2":9,"3":12,"4":8,"5":1,"6":3,"7":9,"8":1,"9":1,"10":0,"11":26},"b":{"0":[7,4],"1":[0,4],"2":[0,12],"3":[1,11],"4":[12,9],"5":[3,8],"6":[0,11],"7":[11,11],"8":[8,4],"9":[3,2],"10":[1,0],"11":[1,1],"12":[0,0],"13":[21,17],"14":[4,22]},"meta":{"lastBranch":15,"lastFunction":12,"lastStatement":58,"seen":{"s:4:6:4:Infinity":0,"f:10:15:10:28":0,"b:11:2:11:Infinity:undefined:undefined:undefined:undefined":0,"s:11:2:11:Infinity":1,"s:11:15:11:Infinity":2,"s:12:26:16:Infinity":3,"b:18:2:22:Infinity:undefined:undefined:undefined:undefined":1,"s:18:2:22:Infinity":4,"s:20:4:20:Infinity":5,"s:21:4:21:Infinity":6,"s:23:2:23:Infinity":7,"s:26:28:123:Infinity":8,"f:26:28:26:29":1,"s:27:28:27:Infinity":9,"s:28:28:28:Infinity":10,"s:29:28:29:Infinity":11,"s:46:8:46:Infinity":12,"s:47:8:47:Infinity":13,"s:48:8:48:Infinity":14,"s:50:2:84:Infinity":15,"f:50:12:50:18":2,"s:51:4:51:Infinity":16,"s:53:25:68:Infinity":17,"f:53:25:53:32":3,"b:54:6:54:Infinity:undefined:undefined:undefined:undefined":2,"s:54:6:54:Infinity":18,"s:54:30:54:Infinity":19,"b:55:6:55:Infinity:undefined:undefined:undefined:undefined":3,"s:55:6:55:Infinity":20,"b:55:10:55:28:55:28:55:53":4,"s:55:53:55:Infinity":21,"b:56:6:56:Infinity:undefined:undefined:undefined:undefined":5,"s:56:6:56:Infinity":22,"s:56:25:56:Infinity":23,"s:58:21:58:Infinity":24,"s:59:26:
[...]
"end":{"line":583,"column":null}}],"line":576},"40":{"loc":{"start":{"line":585,"column":13},"end":{"line":592,"column":null}},"type":"binary-expr","locations":[{"start":{"line":585,"column":13},"end":{"line":585,"column":null}},{"start":{"line":586,"column":14},"end":{"line":592,"column":null}}],"line":585},"41":{"loc":{"start":{"line":594,"column":13},"end":{"line":601,"column":null}},"type":"binary-expr","locations":[{"start":{"line":594,"column":13},"end":{"line":594,"column":47}},{"start":{"line":594,"column":47},"end":{"line":594,"column":null}},{"start":{"line":595,"column":14},"end":{"line":601,"column":null}}],"line":594},"42":{"loc":{"start":{"line":607,"column":13},"end":{"line":614,"column":null}},"type":"binary-expr","locations":[{"start":{"line":607,"column":13},"end":{"line":607,"column":null}},{"start":{"line":608,"column":14},"end":{"line":614,"column":null}}],"line":607},"43":{"loc":{"start":{"line":616,"column":13},"end":{"line":623,"column":null}},"type":"binary-expr","locations":[{"start":{"line":616,"column":13},"end":{"line":616,"column":null}},{"start":{"line":617,"column":14},"end":{"line":623,"column":null}}],"line":616},"44":{"loc":{"start":{"line":625,"column":13},"end":{"line":632,"column":null}},"type":"binary-expr","locations":[{"start":{"line":625,"column":13},"end":{"line":625,"column":47}},{"start":{"line":625,"column":47},"end":{"line":625,"column":null}},{"start":{"line":626,"column":14},"end":{"line":632,"column":null}}],"line":625}},"s":{"0":1,"1":2,"2":2,"3":2,"4":2,"5":2,"6":2,"7":2,"8":1,"9":1,"10":0,"11":1,"12":2,"13":0,"14":0,"15":0,"16":0,"17":0,"18":0,"19":0,"20":0,"21":0,"22":0,"23":0,"24":0,"25":0,"26":0,"27":0,"28":2,"29":0,"30":0,"31":0,"32":0,"33":0,"34":0,"35":0,"36":0,"37":2,"38":0,"39":0,"40":0,"41":0,"42":0,"43":0,"44":2,"45":0,"46":0,"47":0,"48":0,"49":0,"50":0,"51":0,"52":2,"53":0,"54":0,"55":2,"56":0,"57":0,"58":2,"59":0,"60":0,"61":0,"62":2,"63":0,"64":0,"65":0,"66":0,"67":2,"68":0,"69":0,"70":0,"71":0,"72":2,"73":2,"74":2,"75":2,"76":0,"77":0,"78":0,"79":0,"80":0,"81":0,"82":0,"83":0,"84":0,"85":0,"86":0,"87":0,"88":8,"89":0,"90":0,"91":0,"92":0,"93":0,"94":0},"f":{"0":2,"1":1,"2":0,"3":0,"4":0,"5":0,"6":0,"7":0,"8":0,"9":0,"10":0,"11":0,"12":0,"13":0,"14":0,"15":0,"16":0,"17":0,"18":0,"19":2,"20":0,"21":0,"22":0,"23":0,"24":0,"25":0,"26":0,"27":0,"28":0,"29":8,"30":0,"31":0,"32":0,"33":0,"34":0},"b":{"0":[2],"1":[0,1],"2":[1,0],"3":[0,0],"4":[0,0],"5":[0,0],"6":[0,0],"7":[0,0],"8":[0,0],"9":[0,0],"10":[0,0],"11":[0,0],"12":[0,0],"13":[0,0],"14":[2,0],"15":[0,0],"16":[0,0],"17":[2,2],"18":[2,0],"19":[0,2],"20":[0,2],"21":[2,2],"22":[2,0],"23":[2,2],"24":[2,0],"25":[2,0],"26":[0,0],"27":[2,6],"28":[2,0],"29":[2,0,0],"30":[2,0],"31":[0,0],"32":[0,0],"33":[0,0],"34":[2,0],"35":[0,0],"36":[0,0,0],"37":[0,0],"38":[0,0],"39":[2,2],"40":[2,0],"41":[2,2,2],"42":[2,2],"43":[2,0],"44":[2,2,2]},"meta":{"lastBranch":45,"lastFunction":35,"lastStatement":95,"seen":{"s:30:27:646:Infinity":0,"f:30:27:30:28":0,"s:31:8:31:Infinity":1,"s:32:32:32:Infinity":2,"s:33:28:33:Infinity":3,"s:34:44:34:Infinity":4,"s:35:32:35:Infinity":5,"s:36:50:36:Infinity":6,"s:39:27:51:Infinity":7,"b:39:24:39:27":0,"f:41:13:41:25":1,"s:42:30:46:Infinity":8,"b:48:6:48:Infinity:undefined:undefined:undefined:undefined":1,"s:48:6:48:Infinity":9,"s:48:17:48:Infinity":10,"s:49:6:49:Infinity":11,"b:49:13:49:21:49:21:49:Infinity":2,"s:54:8:87:Infinity":12,"f:55:16:55:23":2,"s:56:22:59:Infinity":13,"b:61:6:64:Infinity:undefined:undefined:undefined:undefined":3,"s:61:6:64:Infinity":14,"s:62:8:62:Infinity":15,"s:63:8:63:Infinity":16,"s:66:30:71:Infinity":17,"b:73:6:73:Infinity:undefined:undefined:undefined:undefined":4,"s:73:6:73:Infinity":18,"s:73:17:73:Infinity":19,"s:74:6:74:Infinity":20,"f:76:15:76:21":3,"s:77:6:77:Infinity":21,"s:78:6:78:Infinity":22,"s:79:6:79:Infinity":23,"s:80:6:80:Infinity":24,"s:81:6:81:Infinity":25,"s:82:6:82:Infinity":26,"f:84:13:84:19":4,"s:85:6:85:Infinity":27,"s:90:8:114:Infinity":28,"f:91:16:91:23":5,"s:92:30:101:Infinity":29,"b:103:6:103:Infinity:undefined:undefined:undefined:undefined":5,"s:103:6:103:Infinity":30,"s:103:17:103:Infinity":31,"s:104:6:104:Infinity":32,"f:106:15:106:21":6,"s:107:6:107:Infinity":33,"s:108:6:108:Infinity":34,"s:109:6:109:Infinity":35,"f:111:13:111:19":7,"s:112:6:112:Infinity":36,"s:117:8:133:Infinity":37,"f:118:16:118:23":8,"s:119:24:122:Infinity":38,"b:124:6:124:Infinity:undefined:undefined:undefined:undefined":6,"s:124:6:124:Infinity":39,"s:124:17:124:Infinity":40,"f:126:15:126:21":9,"s:127:6:127:Infinity":41,"s:128:6:128:Infinity":42,"f:130:13:130:19":10,"s:131:6:131:Infinity":43,"s:136:8:155:Infinity":44,"f:137:16:137:23":11,"s:138:30:143:Infinity":45,"b:145:6:145:Infinity:undefined:undefined:undefined:undefined":7,"s:145:6:145:Infinity":46,"s:145:17:145:Infinity":47,"s:146:6:146:Infinity":48,"f:148:15:148:21":12,"s:149:6:149:Infinity":49,"s:150:6:150:Infinity":50,"f:152:13:152:19":13,"s:153:6:153:Infinity":51,"s:158:24:162:Infinity":52,"f:158:24:158:30":14,"b:159:4:161:Infinity:undefined:undefined:undefined:undefined":8,"s:159:4:161:Infinity":53,"s:160:6:160:Infinity":54,"s:164:25:168:Infinity":55,"f:164:25:164:31":15,"b:165:4:167:Infinity:undefined:undefined:undefined:undefined":9,"s:165:4:167:Infinity":56,"s:166:6:166:Infinity":57,"s:170:23:175:Infinity":58,"f:170:23:170:29":16,"s:171:19:171:Infinity":59,"b:172:4:174:Infinity:undefined:undefined:undefined:undefined":10,"s:172:4:174:Infinity":60,"s:173:6:173:Infinity":61,"s:177:29:183:Infinity":62,"f:177:29:177:35":17,"b:178:4:181:Infinity:undefined:undefined:undefined:undefined":11,"s:178:4:181:Infinity":63,"b:178:8:178:37:178:37:178:58":12,"s:179:6:179:Infinity":64,"s:180:6:180:Infinity":65,"s:182:4:182:Infinity":66,"s:185:24:191:Infinity":67,"f:185:24:185:30":18,"b:186:4:189:Infinity:undefined:undefined:undefined:undefined":13,"s:186:4:189:Infinity":68,"s:187:6:187:Infinity":69,"s:188:6:188:Infinity":70,"s:190:4:190:Infinity":71,"s:193:27:201:Infinity":72,"f:193:27:193:28":19,"s:194:19:199:Infinity":73,"s:200:4:200:Infinity":74,"b:200:11:200:31:200:31:200:Infinity":14,"s:203:2:644:Infinity":75,"f:210:17:210:18":20,"s:210:24:210:Infinity":76,"b:210:24:210:56:210:56:210:Infinity":15,"f:220:21:220:22":21,"b:221:12:223:Infinity:undefined:undefined:undefined:undefined":16,"s:221:12:223:Infinity":77,"s:222:14:222:Infinity":78,"b:249:17:249:Infinity:250:18:252:Infinity":17,"f:269:25:269:31":22,"s:269:31:269:Infinity":79,"b:272:22:272:Infinity:273:22:273:Infinity":18,"f:279:25:279:31":23,"s:279:31:279:Infinity":80,"b:282:22:282:Infinity:283:22:283:Infinity":19,"f:289:25:289:31":24,"s:289:31:289:Infinity":81,"b:292:22:292:Infinity:293:22:293:Infinity":20,"b:304:11:304:Infinity:305:12:482:Infinity":21,"b:349:65:349:84:349:84:349:90":22,"b:353:65:353:88:353:88:353:94":23,"b:361:19:361:Infinity:362:20:367:Infinity":24,"b:376:18:384:Infinity:386:18:435:Infinity":25,"f:379:31:379:37":25,"s:379:37:379:Infinity":82,"f:393:34:393:35":26,"s:393:41:393:Infinity":83,"b:402:21:402:Infinity:403:22:414:Infinity":26,"f:409:36:409:37":27,"s:409:43:409:Infinity":84,"f:425:33:425:39":28,"s:426:26:426:Infinity":85,"s:427:26:427:Infinity":86,"s:428:26:428:Infinity":87,"f:443:59:443:60":29,"s:444:20:455:Infinity":88,"f:446:31:446:37":30,"s:446:37:446:Infinity":89,"b:450:28:450:Infinity:451:28:451:Infinity":27,"b:461:15:461:Infinity:462:16:467:Infinity":28,"b:471:15:471:49:471:49:471:Infinity:472:16:480:Infinity":29,"b:486:11:486:Infinity:487:12:536:Infinity":30,"f:493:28:493:29":31,"s:493:35:493:Infinity":90,"b:500:28:500:57:500:57:500:Infinity":31,"b:510:18:512:Infinity:514:18:533:Infinity":32,"f:514:28:514:29":32,"s:515:20:532:Infinity":91,"f:521:35:521:41":33,"b:522:28:524:Infinity:undefined:undefined:undefined:undefined":33,"s:522:28:524:Infinity":92,"s:523:30:523:Infinity":93,"b:540:11:540:Infinity:541:12:568:Infinity":34,"b:543:16:562:Infinity:564:16:566:Infinity":35,"b:542:15:542:41:542:41:542:82:542:82:542:Infinity":36,"f:543:43:543:44":34,"s:544:18:561:Infinity":94,"b:553:25:553:45:553:31:553:Infinity":37,"b:555:23:555:Infinity:556:24:558:Infinity":38,"b:576:13:576:Infinity:577:14:583:Infinity":39,"b:585:13:585:Infinity:586:14:592:Infinity":40,"b:594:13:594:47:594:47:594:Infinity:595:14:601:Infinity":41,"b:607:13:607:Infinity:608:14:614:Infinity":42,"b:616:13:616:Infinity:617:14:623:Infinity":43,"b:625:13:625:47:625:47:625:Infinity:626:14:632:Infinity":44},"fnNames":{}}}
,"/home/kkk/projects/raslipwani/.claude/worktrees/phase2-revenue-data-integrity/src/pages/admin/Settings.jsx": {"path":"/home/kkk/projects/raslipwani/.claude/worktrees/phase2-revenue-data-integrity/src/pages/admin/Settings.jsx","statementMap":{"0":{"start":{"line":24,"column":17},"end":{"line":228,"column":null}},"1":{"start":{"line":25,"column":32},"end":{"line":25,"column":null}},"2":{"start":{"line":26,"column":48},"end":{"line":26,"column":null}},"3":{"start":{"line":27,"column":30},"end":{"line":27,"column":null}},"4":{"start":{"line":30,"column":2},"end":{"line":34,"column":null}},"5":{"start":{"line":31,"column":25},"end":{"line":31,"column":null}},"6":{"start":{"line":31,"column":31},"end":{"line":31,"column":null}},"7":{"start":{"line":32,"column":4},"end":{"line":32,"column":null}},"8":{"start":{"line":33,"column":4},"end":{"line":33,"column":null}},"9":{"start":{"line":33,"column":17},"end":{"line":33,"column":null}},"10":{"start":{"line":36,"column":15},"end":{"line":85,"column":null}},"11":{"start":{"line":87,"column":23},"end":{"line":94,"column":null}},"12":{"start":{"line":96,"column":29},"end":{"line":103,"column":null}},"13":{"start":{"line":105,"column":26},"end":{"line":105,"column":null}},"14":{"start":{"line":105,"column":43},"end":{"line":105,"column":63}},"15":{"start":{"line":108,"column":26},"end":{"line":110,"column":null}},"16":{"start":{"line":109,"column":4},"end":{"line":109,"column":null}},"17":{"start":{"line":113,"column":17},"end":{"line":117,"column":null}},"18":{"start":{"line":114,"column":4},"end":{"line":116,"column":null}},"19":{"start":{"line":115,"column":6},"end":{"line":115,"column":null}},"20":{"start":{"line":119,"column":2},"end":{"line":226,"column":null}},"21":{"start":{"line":135,"column":25},"end":{"line":135,"column":null}},"22":{"start":{"line":136,"column":30},"end":{"line":136,"column":null}},"23":{"start":{"line":137,"column":31},"end":{"line":137,"column":null}},"24":{"start":{"line":139,"column":12},"end":{"line":188,"column":null}},"25":{"start":{"line":149,"column":20},"end":{"line":149,"column":null}},"26":{"start":{"line":150,"column":20},"end":{"line":150,"column":null}},"27":{"start":{"line":201,"column":29},"end":{"line":201,"column":null}},"28":{"start":{"line":202,"column":16},"end":{"line":214,"column":null}},"29":{"start":{"line":205,"column":35},"end":{"line":205,"column":null}}},"fnMap":{"0":{"name":"(anonymous_0)","decl":{"start":{"line":24,"column":17},"end":{"line":24,"column":23}},"loc":{"start":{"line":24,"column":23},"end":{"line":228,"column":null}},"line":24},"1":{"name":"(anonymous_1)","decl":{"start":{"line":30,"column":12},"end":{"line":30,"column":18}},"loc":{"start":{"line":30,"column":18},"end":{"line":34,"column":5}},"line":30},"2":{"name":"(anonymous_2)","decl":{"start":{"line":31,"column":25},"end":{"line":31,"column":31}},"loc":{"start":{"line":31,"column":31},"end":{"line":31,"column":null}},"line":31},"3":{"name":"(anonymous_3)","decl":{"start":{"line":33,"column":11},"end":{"line":33,"column":17}},"loc":{"start":{"line":33,"column":17},"end":{"line":33,"column":null}},"line":33},"4":{"name":"(anonymous_4)","decl":{"start":{"line":105,"column":36},"end":{"line":105,"column":43}},"loc":{"start":{"line":105,"column":43},"end":{"line":105,"column":63}},"line":105},"5":{"name":"(anonymous_5)","decl":{"start":{"line":108,"column":26},"end":{"line":108,"column":27}},"loc":{"start":{"line":108,"column":37},"end":{"line":110,"column":null}},"line":108},"6":{"name":"(anonymous_6)","decl":{"start":{"line":113,"column":17},"end":{"line":113,"column":23}},"loc":{"start":{"line":113,"column":23},"end":{"line":117,"column":null}},"line":113},"7":{"name":"(anonymous_7)","decl":{"start":{"line":134,"column":20},"end":{"line":134,"column":21}},"loc":{"start":{"line":134,"column":29},"end":{"line":190,"column":11}},"line":134},"8":{"name":"(anonymous_8)","decl":{"start":{"line":148,"column":27},"end":{"line":148,"column":33}},"loc":{"start":{"line":148,"column":33},"end":{"line":151,"column":null}},"line":148},"9":{"name":"(anonymous_9)","decl":{"start":{"line":200,"column":24},"end":{"line":200,"column":25}},"loc":{"start":{"line":200,"column":33},"end":{"line":216,"column":15}},"line":200},"10":{"name":"(anonymous_10)","decl":{"start":{"line":205,"column":29},"end":{"line":205,"column":35}},"loc":{"start":{"line":205,"column":35},"end":{"line":205,"column":null}},"line":205}},"branchMap":{"0":{"loc":{"start":{"line":109,"column":25},"end":{"line":109,"column":67}},"type":"cond-expr","locations":[{"start":{"line":109,"column":55},"end":{"line":109,"column":62}},{"start":{"line":109,"column":62},"end":{"line":109,"column":67}}],"line":109},"1":{"loc":{"start":{"line":114,"column":4},"end":{"line":116,"column":null}},"type":"if","locations":[{"start":{"line":114,"column":4},"end":{"line":116,"column":null}},{"start":{},"end":{}}],"line":114},"2":{"loc":{"start":{"line":132,"column":7},"end":{"line":191,"column":null}},"type":"binary-expr","locations":[{"start":{"line":132,"column":7},"end":{"line":132,"column":null}},{"start":{"line":133,"column":8},"end":{"line":191,"column":null}}],"line":132},"3":{"loc":{"start":{"line":143,"column":18},"end":{"line":143,"column":null}},"type":"cond-expr","locations":[{"start":{"line":143,"column":31},"end":{"line":143,"column":79}},{"start":{"line":143,"column":79},"end":{"line":143,"column":null}}],"line":143},"4":{"loc":{"start":{"line":162,"column":39},"end":{"line":162,"column":60}},"type":"cond-expr","locations":[{"start":{"line":162,"column":52},"end":{"line":162,"column":58}},{"start":{"line":162,"column":58},"end":{"line":162,"column":60}}],"line":162},"5":{"loc":{"start":{"line":172,"column":19},"end":{"line":185,"column":null}},"type":"binary-expr","locations":[{"start":{"line":172,"column":19},"end":{"line":172,"column":null}},{"start":{"line":173,"column":20},"end":{"line":185,"column":null}}],"line":172},"6":{"loc":{"start":{"line":195,"column":7},"end":{"line":224,"column":null}},"type":"binary-expr","locations":[{"start":{"line":195,"column":7},"end":{"line":195,"column":null}},{"start":{"line":196,"column":8},"end":{"line":224,"column":null}}],"line":195},"7":{"loc":{"start":{"line":207,"column":22},"end":{"line":209,"column":null}},"type":"cond-expr","locations":[{"start":{"line":208,"column":26},"end":{"line":208,"column":null}},{"start":{"line":209,"column":26},"end":{"line":209,"column":null}}],"line":207},"8":{"loc":{"start":{"line":222,"column":13},"end":{"line":222,"column":null}},"type":"binary-expr","locations":[{"start":{"line":222,"column":13},"end":{"line":222,"column":32}},{"start":{"line":222,"column":32},"end":{"line":222,"column":null}}],"line":222}},"s":{"0":1,"1":7,"2":7,"3":7,"4":7,"5":4,"6":0,"7":4,"8":4,"9":4,"10":7,"11":7,"12":7,"13":7,"14":11,"15":7,"16":0,"17":7,"18":0,"19":0,"20":7,"21":0,"22":0,"23":0,"24":0,"25":0,"26":0,"27":42,"28":42,"29":3},"f":{"0":7,"1":4,"2":0,"3":4,"4":11,"5":0,"6":0,"7":0,"8":0,"9":42,"10":3},"b":{"0":[0,0],"1":[0,0],"2":[7,0],"3":[0,0],"4":[0,0],"5":[0,0],"6":[7,7],"7":[7,35],"8":[7,7]},"meta":{"lastBranch":9,"lastFunction":11,"lastStatement":30,"seen":{"s:24:17:228:Infinity":0,"f:24:17:24:23":0,"s:25:32:25:Infinity":1,"s:26:48:26:Infinity":2,"s:27:30:27:Infinity":3,"s:30:2:34:Infinity":4,"f:30:12:30:18":1,"s:31:25:31:Infinity":5,"f:31:25:31:31":2,"s:31:31:31:Infinity":6,"s:32:4:32:Infinity":7,"s:33:4:33:Infinity":8,"f:33:11:33:17":3,"s:33:17:33:Infinity":9,"s:36:15:85:Infinity":10,"s:87:23:94:Infinity":11,"s:96:29:103:Infinity":12,"s:105:26:105:Infinity":13,"f:105:36:105:43":4,"s:105:43:105:63":14,"s:108:26:110:Infinity":15,"f:108:26:108:27":5,"s:109:4:109:Infinity":16,"b:109:55:109:62:109:62:109:67":0,"s:113:17:117:Infinity":17,"f:113:17:113:23":6,"b:114:4:116:Infinity:undefined:undefined:undefined:undefined":1,"s:114:4:116:Infinity":18,"s:115:6:115:Infinity":19,"s:119:2:226:Infinity":20,"b:132:7:132:Infinity:133:8:191:Infinity":2,"f:134:20:134:21":7,"s:135:25:135:Infinity":21,"s:136:30:136:Infinity":22,"s:137:31:137:Infinity":23,"s:139:12:188:Infinity":24,"b:143:31:143:79:143:79:143:Infinity":3,"f:148:27:148:33":8,"s:149:20:149:Infinity":25,"s:150:20:150:Infinity":26,"b:162:52:162:58:162:58:162:60":4,"b:172:19:172:Infinity:173:20:185:Infinity":5,"b:195:7:195:Infinity:196:8:224:Infinity":6,"f:200:24:200:25":9,"s:201:29:201:Infinity":27,"s:202:16:214:Infinity":28,"f:205:29:205:35":10,"s:205:35:205:Infinity":29,"b:208:26:208:Infinity:209:26:209:Infinity":7,"b:222:13:222:32:222:32:222:Infinity":8},"fnNames":{}}}
,"/home/kkk/projects/raslipwani/.claude/worktrees/phase2-revenue-data-integrity/src/utils/bookingNotifications.js": {"path":"/home/kkk/projects/raslipwani/.claude/worktrees/phase2-revenue-data-integrity/src/utils/bookingNotifications.js","statementMap":{"0":{"start":{"line":10,"column":2},"end":{"line":25,"column":null}},"1":{"start":{"line":11,"column":21},"end":{"line":15,"column":6}},"2":{"start":{"line":17,"column":4},"end":{"line":20,"column":null}},"3":{"start":{"line":18,"column":6},"end":{"line":18,"column":null}},"4":{"start":{"line":19,"column":6},"end":{"line":19,"column":null}},"5":{"start":{"line":21,"column":4},"end":{"line":21,"column":null}},"6":{"start":{"line":23,"column":4},"end":{"line":23,"column":null}},"7":{"start":{"line":24,"column":4},"end":{"line":24,"column":null}}},"fnMap":{"0":{"name":"notifyBookingReceived","decl":{"start":{"line":9,"column":22},"end":{"line":9,"column":43}},"loc":{"start":{"line":9,"column":53},"end":{"line":26,"column":null}},"line":9}},"branchMap":{"0":{"loc":{"start":{"line":17,"column":4},"end":{"line":20,"column":null}},"type":"if","locations":[{"start":{"line":17,"column":4},"end":{"line":20,"column":null}},{"start":{},"end":{}}],"line":17}},"s":{"0":3,"1":3,"2":2,"3":1,"4":1,"5":1,"6":1,"7":1},"f":{"0":3},"b":{"0":[1,1]},"meta":{"lastBranch":1,"lastFunction":1,"lastStatement":8,"seen":{"f:9:22:9:43":0,"s:10:2:25:Infinity":0,"s:11:21:15:6":1,"b:17:4:20:Infinity:undefined:undefined:undefined:undefined":0,"s:17:4:20:Infinity":2,"s:18:6:18:Infinity":3,"s:19:6:19:Infinity":4,"s:21:4:21:Infinity":5,"s:23:4:23:Infinity":6,"s:24:4:24:Infinity":7},"fnNames":{}}}
,"/home/kkk/projects/raslipwani/.claude/worktrees/phase2-revenue-data-integrity/src/utils/supabaseClient.js": {"path":"/home/kkk/projects/raslipwani/.claude/worktrees/phase2-revenue-data-integrity/src/utils/supabaseClient.js","statementMap":{"0":{"start":{"line":3,"column":20},"end":{"line":3,"column":53}},"1":{"start":{"line":4,"column":20},"end":{"line":4,"column":53}},"2":{"start":{"line":6,"column":0},"end":{"line":10,"column":null}},"3":{"start":{"line":7,"column":2},"end":{"line":9,"column":null}},"4":{"start":{"line":17,"column":23},"end":{"line":17,"column":62}}},"fnMap":{},"branchMap":{"0":{"loc":{"start":{"line":6,"column":0},"end":{"line":10,"column":null}},"type":"if","locations":[{"start":{"line":6,"column":0},"end":{"line":10,"column":null}},{"start":{},"end":{}}],"line":6},"1":{"loc":{"start":{"line":6,"column":4},"end":{"line":6,"column":32}},"type":"binary-expr","locations":[{"start":{"line":6,"column":4},"end":{"line":6,"column":16}},{"start":{"line":6,"column":20},"end":{"line":6,"column":32}}],"line":6}},"s":{"0":1,"1":1,"2":1,"3":0,"4":1},"f":{},"b":{"0":[0,1],"1":[1,1]},"meta":{"lastBranch":2,"lastFunction":0,"lastStatement":5,"seen":{"s:3:20:3:53":0,"s:4:20:4:53":1,"b:6:0:10:Infinity:undefined:undefined:undefined:undefined":0,"s:6:0:10:Infinity":2,"b:6:4:6:16:6:20:6:32":1,"s:7:2:9:Infinity":3,"s:17:23:17:62":4},"fnNames":{}}}
}
